#
# A fatal error has been detected by the Java Runtime Environment:
#
#  SIGSEGV (0xb) at pc=0x00007f5438a02997, pid=15327, tid=0x00007f53e4103700
#
# JRE version: Java(TM) SE Runtime Environment (8.0_191-b12) (build 1.8.0_191-b12)
# Java VM: Java HotSpot(TM) 64-Bit Server VM (25.191-b12 mixed mode linux-amd64 compressed oops)
# Problematic frame:
# V  [libjvm.so+0x6cc997]  jni_invoke_nonstatic(JNIEnv_*, JavaValue*, _jobject*, JNICallType, _jmethodID*, JNI_ArgumentPusher*, Thread*) [clone .constprop.109]+0x27
#
# Failed to write core dump. Core dumps have been disabled. To enable core dumping, try "ulimit -c unlimited" before starting Java again
#
# If you would like to submit a bug report, please visit:
#   http://bugreport.java.com/bugreport/crash.jsp
#

---------------  T H R E A D  ---------------

Current thread (0x00007f5434289000):  JavaThread "JavaFX Application Thread" [_thread_in_vm, id=15350, stack(0x00007f53e4003000,0x00007f53e4104000)]

siginfo: si_signo: 11 (SIGSEGV), si_code: 1 (SEGV_MAPERR), si_addr: 0x0000000000000075

Registers:
RAX=0x00007f53e41024f0, RBX=0x00007f5434289000, RCX=0x00007f54341c5418, RDX=0x0000000000000075
RSP=0x00007f53e4102290, RBP=0x00007f53e4102400, RSI=0x00007f53e4102420, RDI=0x00007f54342891f8
R8 =0x00007f53e4102450, R9 =0x00007f5434289000, R10=0x00007f53dc006a80, R11=0x00007f5424340760
R12=0x00007f53e4102450, R13=0x00007f54342891f8, R14=0x00007f54341c5418, R15=0x00007f5434289000
RIP=0x00007f5438a02997, EFLAGS=0x0000000000010202, CSGSFS=0x002b000000000033, ERR=0x0000000000000004
  TRAPNO=0x000000000000000e

Top of Stack: (sp=0x00007f53e4102290)
0x00007f53e4102290:   00007f53e4102390 00007f53e4102350
0x00007f53e41022a0:   00007f53e41022c0 00007f54342891f8
0x00007f53e41022b0:   00007f53e41022e0 00007f54342479f8
0x00007f53e41022c0:   00007f54202e0940 00007f5434289000
0x00007f53e41022d0:   00007f54202e0940 00007f5434289000
0x00007f53e41022e0:   00007f5434248560 00007f5404011670
0x00007f53e41022f0:   00007f5404011680 00007f5404011a58
0x00007f53e4102300:   00000000000003d8 00000000000000d8
0x00007f53e4102310:   00007f54202e0940 00007f5434289000
0x00007f53e4102320:   0000000034289000 00007f53dc0069f0
0x00007f53e4102330:   0000000000000000 00000000e3f00ac8
0x00007f53e4102340:   00007f54202e0940 00007f5434289000
0x00007f53e4102350:   00007f53e4102960 00000000e3f00a88
0x00007f53e4102360:   000000000000006f 00007f530000000a
0x00007f53e4102370:   00000000e32226e0 00007f5300000000
0x00007f53e4102380:   00007f53e41023e0 00007f53e4102420
0x00007f53e4102390:   00007f53e4102510 00000001000001a3
0x00007f53e41023a0:   000000005c07e0df 00007f53e4102358
0x00007f53e41023b0:   00007f53e4102399 0000000800000005
0x00007f53e41023c0:   00007f54341f8000 00007f54342479f8
0x00007f53e41023d0:   00007f54202edd58 00007f5434289000
0x00007f53e41023e0:   00007f53e4102450 00007f54342891f8
0x00007f53e41023f0:   00007f54341c5418 00007f53e41024d8
0x00007f53e4102400:   00007f53e41024c0 00007f5438a04d8a
0x00007f53e4102410:   00000000000003d8 0000000000000075
0x00007f53e4102420:   00007f540000000e 00007f5300000000
0x00007f53e4102430:   00007f5434289000 0000000000000000
0x00007f53e4102440:   0000000000000000 a7cd761d1ef82100
0x00007f53e4102450:   00007f5439224de8 00007f5439d84870
0x00007f53e4102460:   00000000341e8090 00007f5300000063
0x00007f53e4102470:   0000000000000000 0000003000000018
0x00007f53e4102480:   00007f53e41025b0 00007f53e41024f0 

Instructions: (pc=0x00007f5438a02997)
0x00007f5438a02977:   56 41 55 41 54 4d 89 cf 53 48 81 ec 48 01 00 00
0x00007f5438a02987:   48 85 d2 48 89 bd a8 fe ff ff 0f 84 11 02 00 00
0x00007f5438a02997:   48 8b 12 48 85 d2 0f 84 05 02 00 00 48 8d bd b8
0x00007f5438a029a7:   fe ff ff 48 89 cb 49 89 f5 4c 89 ce 4d 89 c4 e8 

Register to memory mapping:

RAX=0x00007f53e41024f0 is pointing into the stack for thread: 0x00007f5434289000
RBX=0x00007f5434289000 is a thread
RCX=0x00007f54341c5418 is an unknown value
RDX=0x0000000000000075 is an unknown value
RSP=0x00007f53e4102290 is pointing into the stack for thread: 0x00007f5434289000
RBP=0x00007f53e4102400 is pointing into the stack for thread: 0x00007f5434289000
RSI=0x00007f53e4102420 is pointing into the stack for thread: 0x00007f5434289000
RDI=0x00007f54342891f8 is an unknown value
R8 =0x00007f53e4102450 is pointing into the stack for thread: 0x00007f5434289000
R9 =0x00007f5434289000 is a thread
R10=0x00007f53dc006a80 is an unknown value
R11=0x00007f5424340760 is at entry_point+32 in (nmethod*)0x00007f54243405d0
R12=0x00007f53e4102450 is pointing into the stack for thread: 0x00007f5434289000
R13=0x00007f54342891f8 is an unknown value
R14=0x00007f54341c5418 is an unknown value
R15=0x00007f5434289000 is a thread


Stack: [0x00007f53e4003000,0x00007f53e4104000],  sp=0x00007f53e4102290,  free space=1020k
Native frames: (J=compiled Java code, j=interpreted, Vv=VM code, C=native code)
V  [libjvm.so+0x6cc997]  jni_invoke_nonstatic(JNIEnv_*, JavaValue*, _jobject*, JNICallType, _jmethodID*, JNI_ArgumentPusher*, Thread*) [clone .constprop.109]+0x27
V  [libjvm.so+0x6ced8a]  jni_CallVoidMethodV+0xea
C  [libglass.so+0x1b121]  JNIEnv_::CallVoidMethod(_jobject*, _jmethodID*, ...)+0x81
C  [libglass.so+0x236bf]  WindowContextBase::process_key(_GdkEventKey*)+0x1ef
C  [libglass.so+0x21820]  WindowContextBase::im_filter_keypress(_GdkEventKey*)+0x1d0
C  [libglass.so+0x274cc]  process_events(_GdkEvent*, void*)+0x21c
C  [libgdk-x11-2.0.so.0+0x5ac8c]

Java frames: (J=compiled Java code, j=interpreted, Vv=VM code)
j  com.sun.glass.ui.gtk.GtkApplication._runLoop(Ljava/lang/Runnable;Z)V+0
j  com.sun.glass.ui.gtk.GtkApplication.lambda$null$48(Ljava/lang/Runnable;Z)V+7
j  com.sun.glass.ui.gtk.GtkApplication$$Lambda$41.run()V+12
j  java.lang.Thread.run()V+11
v  ~StubRoutines::call_stub

---------------  P R O C E S S  ---------------

Java Threads: ( => current thread )
  0x00007f53dc23f800 JavaThread "Abandoned connection cleanup thread" daemon [_thread_blocked, id=15354, stack(0x00007f53d69cd000,0x00007f53d6ace000)]
  0x00007f53dc290800 JavaThread "Prism Font Disposer" daemon [_thread_blocked, id=15352, stack(0x00007f53d7067000,0x00007f53d7168000)]
  0x00007f543428c000 JavaThread "JavaFX-Launcher" [_thread_blocked, id=15351, stack(0x00007f53d7eed000,0x00007f53d7fee000)]
=>0x00007f5434289000 JavaThread "JavaFX Application Thread" [_thread_in_vm, id=15350, stack(0x00007f53e4003000,0x00007f53e4104000)]
  0x00007f5434244800 JavaThread "Thread-1" daemon [_thread_blocked, id=15347, stack(0x00007f53e5106000,0x00007f53e5207000)]
  0x00007f543419a800 JavaThread "QuantumRenderer-0" daemon [_thread_blocked, id=15345, stack(0x00007f541e444000,0x00007f541e545000)]
  0x00007f54340bb800 JavaThread "Service Thread" daemon [_thread_blocked, id=15341, stack(0x00007f541e6dc000,0x00007f541e7dd000)]
  0x00007f54340b8800 JavaThread "C1 CompilerThread1" daemon [_thread_blocked, id=15340, stack(0x00007f541e7dd000,0x00007f541e8de000)]
  0x00007f54340b5800 JavaThread "C2 CompilerThread0" daemon [_thread_blocked, id=15339, stack(0x00007f541e8de000,0x00007f541e9df000)]
  0x00007f54340b4000 JavaThread "Signal Dispatcher" daemon [_thread_blocked, id=15338, stack(0x00007f541e9df000,0x00007f541eae0000)]
  0x00007f5434081000 JavaThread "Finalizer" daemon [_thread_blocked, id=15337, stack(0x00007f541ef2f000,0x00007f541f030000)]
  0x00007f543407e800 JavaThread "Reference Handler" daemon [_thread_blocked, id=15336, stack(0x00007f541f030000,0x00007f541f131000)]
  0x00007f543400b000 JavaThread "main" [_thread_blocked, id=15329, stack(0x00007f5439e1d000,0x00007f5439f1e000)]

Other Threads:
  0x00007f5434075000 VMThread [stack: 0x00007f541f131000,0x00007f541f232000] [id=15335]
  0x00007f54340c0800 WatcherThread [stack: 0x00007f541e5db000,0x00007f541e6dc000] [id=15342]

VM state:not at safepoint (normal execution)

VM Mutex/Monitor currently owned by a thread: None

Heap:
 PSYoungGen      total 27136K, used 25175K [0x00000000e2800000, 0x00000000e4600000, 0x0000000100000000)
  eden space 23552K, 91% used [0x00000000e2800000,0x00000000e3d19f00,0x00000000e3f00000)
  from space 3584K, 99% used [0x00000000e3f00000,0x00000000e427c050,0x00000000e4280000)
  to   space 3584K, 0% used [0x00000000e4280000,0x00000000e4280000,0x00000000e4600000)
 ParOldGen       total 61440K, used 143K [0x00000000a7800000, 0x00000000ab400000, 0x00000000e2800000)
  object space 61440K, 0% used [0x00000000a7800000,0x00000000a7823e08,0x00000000ab400000)
 Metaspace       used 19795K, capacity 20478K, committed 20608K, reserved 1067008K
  class space    used 2667K, capacity 2860K, committed 2944K, reserved 1048576K

Card table byte_map: [0x00007f54238d9000,0x00007f5423b9e000] byte_map_base: 0x00007f542339d000

Marking Bits: (ParMarkBitMap*) 0x00007f54392fcd40
 Begin Bits: [0x00007f54208bf000, 0x00007f5421edf000)
 End Bits:   [0x00007f5421edf000, 0x00007f54234ff000)

Polling page: 0x00007f5439f41000

CodeCache: size=245760Kb used=5588Kb max_used=5600Kb free=240171Kb
 bounds [0x00007f5423f5e000, 0x00007f54244de000, 0x00007f5432f5e000]
 total_blobs=2557 nmethods=1854 adapters=617
 compilation: enabled

Compilation events (10 events):
Event: 14,378 Thread 0x00007f54340b8800 1864       1       java.lang.invoke.InnerClassLambdaMetafactory::access$000 (5 bytes)
Event: 14,378 Thread 0x00007f54340b8800 nmethod 1864 0x00007f54244ce9d0 code [0x00007f54244ceb20, 0x00007f54244cec10]
Event: 14,379 Thread 0x00007f54340b8800 1865       1       java.lang.invoke.InnerClassLambdaMetafactory::access$400 (5 bytes)
Event: 14,379 Thread 0x00007f54340b8800 nmethod 1865 0x00007f54244ce710 code [0x00007f54244ce860, 0x00007f54244ce950]
Event: 14,382 Thread 0x00007f54340b8800 1866  s    3       java.util.Vector::elementAt (48 bytes)
Event: 14,385 Thread 0x00007f54340b8800 nmethod 1866 0x00007f54244cd390 code [0x00007f54244cd5a0, 0x00007f54244ce168]
Event: 14,423 Thread 0x00007f54340b8800 1867       3       javafx.beans.property.BooleanPropertyBase::set (110 bytes)
Event: 14,442 Thread 0x00007f54340b5800 nmethod 1786 0x00007f54244ccf50 code [0x00007f54244cd0a0, 0x00007f54244cd258]
Event: 14,442 Thread 0x00007f54340b5800 1782       4       java.io.FilterInputStream::read (8 bytes)
Event: 14,443 Thread 0x00007f54340b8800 nmethod 1867 0x00007f54244d3850 code [0x00007f54244d3b60, 0x00007f54244d5418]

GC Heap History (2 events):
Event: 3,285 GC heap before
{Heap before GC invocations=1 (full 0):
 PSYoungGen      total 27136K, used 23552K [0x00000000e2800000, 0x00000000e4600000, 0x0000000100000000)
  eden space 23552K, 100% used [0x00000000e2800000,0x00000000e3f00000,0x00000000e3f00000)
  from space 3584K, 0% used [0x00000000e4280000,0x00000000e4280000,0x00000000e4600000)
  to   space 3584K, 0% used [0x00000000e3f00000,0x00000000e3f00000,0x00000000e4280000)
 ParOldGen       total 61440K, used 0K [0x00000000a7800000, 0x00000000ab400000, 0x00000000e2800000)
  object space 61440K, 0% used [0x00000000a7800000,0x00000000a7800000,0x00000000ab400000)
 Metaspace       used 12444K, capacity 12948K, committed 13184K, reserved 1060864K
  class space    used 1658K, capacity 1795K, committed 1920K, reserved 1048576K
Event: 3,313 GC heap after
Heap after GC invocations=1 (full 0):
 PSYoungGen      total 27136K, used 3568K [0x00000000e2800000, 0x00000000e4600000, 0x0000000100000000)
  eden space 23552K, 0% used [0x00000000e2800000,0x00000000e2800000,0x00000000e3f00000)
  from space 3584K, 99% used [0x00000000e3f00000,0x00000000e427c050,0x00000000e4280000)
  to   space 3584K, 0% used [0x00000000e4280000,0x00000000e4280000,0x00000000e4600000)
 ParOldGen       total 61440K, used 143K [0x00000000a7800000, 0x00000000ab400000, 0x00000000e2800000)
  object space 61440K, 0% used [0x00000000a7800000,0x00000000a7823e08,0x00000000ab400000)
 Metaspace       used 12444K, capacity 12948K, committed 13184K, reserved 1060864K
  class space    used 1658K, capacity 1795K, committed 1920K, reserved 1048576K
}

Deoptimization events (10 events):
Event: 3,438 Thread 0x00007f5434289000 Uncommon trap: reason=class_check action=maybe_recompile pc=0x00007f542406f0e0 method=java.lang.String.equals(Ljava/lang/Object;)Z @ 8
Event: 3,438 Thread 0x00007f5434289000 Uncommon trap: reason=class_check action=maybe_recompile pc=0x00007f542406f0e0 method=java.lang.String.equals(Ljava/lang/Object;)Z @ 8
Event: 3,438 Thread 0x00007f5434289000 Uncommon trap: reason=class_check action=maybe_recompile pc=0x00007f542406f0e0 method=java.lang.String.equals(Ljava/lang/Object;)Z @ 8
Event: 3,448 Thread 0x00007f5434289000 Uncommon trap: reason=class_check action=maybe_recompile pc=0x00007f542406f0e0 method=java.lang.String.equals(Ljava/lang/Object;)Z @ 8
Event: 4,122 Thread 0x00007f5434289000 Uncommon trap: reason=unstable_if action=reinterpret pc=0x00007f54242292cc method=sun.net.www.ParseUtil.encodePath(Ljava/lang/String;Z)Ljava/lang/String; @ 109
Event: 4,207 Thread 0x00007f5434289000 Uncommon trap: reason=unstable_if action=reinterpret pc=0x00007f5424196260 method=java.lang.CharacterData.of(I)Ljava/lang/CharacterData; @ 4
Event: 5,729 Thread 0x00007f5434289000 Uncommon trap: reason=unstable_if action=reinterpret pc=0x00007f54242e86a4 method=jdk.internal.org.objectweb.asm.Type.getArgumentsAndReturnSizes(Ljava/lang/String;)I @ 47
Event: 5,783 Thread 0x00007f543419a800 Uncommon trap: reason=unstable_if action=reinterpret pc=0x00007f542431b460 method=java.lang.StrictMath.floorOrCeil(DDDD)D @ 115
Event: 11,426 Thread 0x00007f5434289000 Uncommon trap: reason=unstable_if action=reinterpret pc=0x00007f54241ff8e4 method=java.lang.AbstractStringBuilder.append(Ljava/lang/String;)Ljava/lang/AbstractStringBuilder; @ 1
Event: 14,204 Thread 0x00007f5434289000 Uncommon trap: reason=unstable_if action=reinterpret pc=0x00007f542436523c method=java.lang.StrictMath.floorOrCeil(DDDD)D @ 38

Classes redefined (0 events):
No events

Internal exceptions (10 events):
Event: 0,754 Thread 0x00007f543400b000 Exception <a 'java/security/PrivilegedActionException'> (0x00000000e2a88f20) thrown at [/HUDSON/workspace/8-2-build-linux-amd64/jdk8u191/11894/hotspot/src/share/vm/prims/jvm.cpp, line 1435]
Event: 0,755 Thread 0x00007f543400b000 Exception <a 'java/lang/NullPointerException'> (0x00000000e2a894f8) thrown at [/HUDSON/workspace/8-2-build-linux-amd64/jdk8u191/11894/hotspot/src/share/vm/interpreter/linkResolver.cpp, line 1185]
Event: 1,919 Thread 0x00007f5434289000 Exception <a 'java/lang/NullPointerException'> (0x00000000e3368318) thrown at [/HUDSON/workspace/8-2-build-linux-amd64/jdk8u191/11894/hotspot/src/share/vm/interpreter/linkResolver.cpp, line 1185]
Event: 1,919 Thread 0x00007f5434289000 Exception <a 'java/lang/NullPointerException'> (0x00000000e3368318) thrown at [/HUDSON/workspace/8-2-build-linux-amd64/jdk8u191/11894/hotspot/src/share/vm/prims/jvm.cpp, line 1439]
Event: 2,579 Thread 0x00007f5434289000 Exception <a 'java/lang/ArrayIndexOutOfBoundsException'> (0x00000000e3932290) thrown at [/HUDSON/workspace/8-2-build-linux-amd64/jdk8u191/11894/hotspot/src/share/vm/runtime/sharedRuntime.cpp, line 605]
Event: 2,580 Thread 0x00007f5434289000 Exception <a 'java/lang/ArrayIndexOutOfBoundsException'> (0x00000000e3932f90) thrown at [/HUDSON/workspace/8-2-build-linux-amd64/jdk8u191/11894/hotspot/src/share/vm/runtime/sharedRuntime.cpp, line 605]
Event: 2,581 Thread 0x00007f5434289000 Exception <a 'java/lang/ArrayIndexOutOfBoundsException'> (0x00000000e3934338) thrown at [/HUDSON/workspace/8-2-build-linux-amd64/jdk8u191/11894/hotspot/src/share/vm/runtime/sharedRuntime.cpp, line 605]
Event: 2,928 Thread 0x00007f5434289000 Implicit null exception at 0x00007f54241e3af5 to 0x00007f54241e3d11
Event: 3,182 Thread 0x00007f5434289000 Exception <a 'java/io/FileNotFoundException'> (0x00000000e3e36ba8) thrown at [/HUDSON/workspace/8-2-build-linux-amd64/jdk8u191/11894/hotspot/src/share/vm/prims/jni.cpp, line 709]
Event: 11,426 Thread 0x00007f5434289000 Implicit null exception at 0x00007f54241ff535 to 0x00007f54241ff8d1

Events (10 events):
Event: 14,376 loading class com/sun/prism/GraphicsResource
Event: 14,376 loading class com/sun/prism/GraphicsResource done
Event: 14,376 loading class com/sun/prism/GraphicsResource
Event: 14,376 loading class com/sun/prism/GraphicsResource done
Event: 14,381 loading class com/sun/javafx/tk/quantum/ViewScene
Event: 14,381 loading class com/sun/javafx/tk/quantum/ViewScene done
Event: 14,387 loading class com/sun/javafx/tk/quantum/WindowStage
Event: 14,387 loading class com/sun/javafx/tk/quantum/WindowStage done
Event: 14,443 loading class com/sun/javafx/scene/KeyboardShortcutsHandler$1
Event: 14,443 loading class com/sun/javafx/scene/KeyboardShortcutsHandler$1 done


Dynamic libraries:
00400000-00401000 r-xp 00000000 08:05 802335                             /usr/lib/jvm/java-8-oracle/bin/java
00600000-00601000 r--p 00000000 08:05 802335                             /usr/lib/jvm/java-8-oracle/bin/java
00601000-00602000 rw-p 00001000 08:05 802335                             /usr/lib/jvm/java-8-oracle/bin/java
00df1000-00e12000 rw-p 00000000 00:00 0                                  [heap]
a7800000-ab400000 rw-p 00000000 00:00 0 
ab400000-e2800000 ---p 00000000 00:00 0 
e2800000-e4600000 rw-p 00000000 00:00 0 
e4600000-100000000 ---p 00000000 00:00 0 
100000000-1002e0000 rw-p 00000000 00:00 0 
1002e0000-140000000 ---p 00000000 00:00 0 
7f53d2f61000-7f53d30a1000 rw-p 00000000 00:00 0 
7f53d30a1000-7f53d3161000 ---p 00000000 00:00 0 
7f53d3161000-7f53d3166000 r-xp 00000000 08:05 927264                     /lib/x86_64-linux-gnu/libnss_dns-2.23.so
7f53d3166000-7f53d3366000 ---p 00005000 08:05 927264                     /lib/x86_64-linux-gnu/libnss_dns-2.23.so
7f53d3366000-7f53d3367000 r--p 00005000 08:05 927264                     /lib/x86_64-linux-gnu/libnss_dns-2.23.so
7f53d3367000-7f53d3368000 rw-p 00006000 08:05 927264                     /lib/x86_64-linux-gnu/libnss_dns-2.23.so
7f53d3368000-7f53d336a000 r-xp 00000000 08:05 922860                     /lib/x86_64-linux-gnu/libnss_mdns4_minimal.so.2
7f53d336a000-7f53d3569000 ---p 00002000 08:05 922860                     /lib/x86_64-linux-gnu/libnss_mdns4_minimal.so.2
7f53d3569000-7f53d356a000 r--p 00001000 08:05 922860                     /lib/x86_64-linux-gnu/libnss_mdns4_minimal.so.2
7f53d356a000-7f53d356b000 rw-p 00002000 08:05 922860                     /lib/x86_64-linux-gnu/libnss_mdns4_minimal.so.2
7f53d358a000-7f53d658b000 rw-p 00000000 00:00 0 
7f53d658b000-7f53d65a1000 r-xp 00000000 08:05 1071474                    /usr/lib/jvm/java-8-oracle/jre/lib/amd64/libnet.so
7f53d65a1000-7f53d67a0000 ---p 00016000 08:05 1071474                    /usr/lib/jvm/java-8-oracle/jre/lib/amd64/libnet.so
7f53d67a0000-7f53d67a1000 r--p 00015000 08:05 1071474                    /usr/lib/jvm/java-8-oracle/jre/lib/amd64/libnet.so
7f53d67a1000-7f53d67a2000 rw-p 00016000 08:05 1071474                    /usr/lib/jvm/java-8-oracle/jre/lib/amd64/libnet.so
7f53d67a2000-7f53d67ac000 r--s 00116000 08:05 1071407                    /usr/lib/jvm/java-8-oracle/jre/lib/ext/localedata.jar
7f53d67ac000-7f53d67c8000 r--s 00393000 08:05 1071400                    /usr/lib/jvm/java-8-oracle/jre/lib/ext/cldrdata.jar
7f53d67c8000-7f53d67cd000 r--s 002f9000 08:05 1071384                    /usr/lib/jvm/java-8-oracle/jre/lib/charsets.jar
7f53d67cd000-7f53d69cd000 rw-p 00000000 00:00 0 
7f53d69cd000-7f53d69d0000 ---p 00000000 00:00 0 
7f53d69d0000-7f53d6ace000 rw-p 00000000 00:00 0 
7f53d6ace000-7f53d6acf000 rw-s 00000000 00:18 708                        /i915 (deleted)
7f53d6acf000-7f53d6ad0000 rw-s 00000000 00:18 250                        /i915 (deleted)
7f53d6ad0000-7f53d6ad1000 rw-s 00000000 00:18 229                        /i915 (deleted)
7f53d6ad1000-7f53d6ad6000 rw-s 00000000 00:18 809                        /i915 (deleted)
7f53d6ad6000-7f53d6c56000 rw-s 00000000 00:18 965                        /i915 (deleted)
7f53d6c56000-7f53d6cb6000 rw-s 00000000 00:18 840                        /i915 (deleted)
7f53d6cb6000-7f53d6cc2000 rw-s 00000000 00:18 839                        /i915 (deleted)
7f53d6cc2000-7f53d6cc6000 rw-s 00000000 00:18 831                        /i915 (deleted)
7f53d6cc6000-7f53d6ccb000 rw-s 00000000 00:18 830                        /i915 (deleted)
7f53d6ccb000-7f53d6e4b000 rw-s 100fc6000 00:06 329                       /dev/dri/card0
7f53d6e4b000-7f53d6e5b000 rw-s 00000000 00:18 825                        /i915 (deleted)
7f53d6e5b000-7f53d6e67000 rw-s 00000000 00:18 682                        /i915 (deleted)
7f53d6e67000-7f53d7067000 rw-p 00000000 00:00 0 
7f53d7067000-7f53d706a000 ---p 00000000 00:00 0 
7f53d706a000-7f53d7168000 rw-p 00000000 00:00 0 
7f53d7168000-7f53d7221000 r--p 00000000 08:05 1052228                    /usr/share/fonts/truetype/dejavu/DejaVuSans.ttf
7f53d7221000-7f53d7234000 r--p 00000000 08:05 1336442                    /usr/lib/jvm/java-8-oracle/jre/lib/fonts/LucidaBrightDemiItalic.ttf
7f53d7234000-7f53d7270000 r--p 00000000 08:05 1336444                    /usr/lib/jvm/java-8-oracle/jre/lib/fonts/LucidaTypewriterRegular.ttf
7f53d7270000-7f53d72be000 r--p 00000000 08:05 1313134                    /usr/lib/jvm/java-8-oracle/jre/lib/fonts/LucidaSansDemiBold.ttf
7f53d72be000-7f53d72d1000 r--p 00000000 08:05 1336448                    /usr/lib/jvm/java-8-oracle/jre/lib/fonts/LucidaBrightDemiBold.ttf
7f53d72d1000-7f53d7326000 r--p 00000000 08:05 1313132                    /usr/lib/jvm/java-8-oracle/jre/lib/fonts/LucidaBrightRegular.ttf
7f53d7326000-7f53d73d1000 r--p 00000000 08:05 1313130                    /usr/lib/jvm/java-8-oracle/jre/lib/fonts/LucidaSansRegular.ttf
7f53d73d1000-7f53d740b000 r--p 00000000 08:05 1336446                    /usr/lib/jvm/java-8-oracle/jre/lib/fonts/LucidaTypewriterBold.ttf
7f53d740b000-7f53d741f000 r--p 00000000 08:05 1313128                    /usr/lib/jvm/java-8-oracle/jre/lib/fonts/LucidaBrightItalic.ttf
7f53d741f000-7f53d7423000 r-xp 00000000 08:05 1071420                    /usr/lib/jvm/java-8-oracle/jre/lib/amd64/libjavafx_font_pango.so
7f53d7423000-7f53d7622000 ---p 00004000 08:05 1071420                    /usr/lib/jvm/java-8-oracle/jre/lib/amd64/libjavafx_font_pango.so
7f53d7622000-7f53d7623000 r--p 00003000 08:05 1071420                    /usr/lib/jvm/java-8-oracle/jre/lib/amd64/libjavafx_font_pango.so
7f53d7623000-7f53d7624000 rw-p 00004000 08:05 1071420                    /usr/lib/jvm/java-8-oracle/jre/lib/amd64/libjavafx_font_pango.so
7f53d7624000-7f53d7629000 r--s 000a0000 08:05 1071396                    /usr/lib/jvm/java-8-oracle/jre/lib/jsse.jar
7f53d7629000-7f53d762e000 r--s 00084000 08:05 1071339                    /usr/lib/jvm/java-8-oracle/jre/lib/jfr.jar
7f53d762e000-7f53d782e000 rw-p 00000000 00:00 0 
7f53d782e000-7f53d7839000 r--s 00000000 08:05 2359681                    /var/cache/fontconfig/945677eb7aeaf62f1d50efc3fb3ec7d8-le64.cache-6
7f53d7839000-7f53d783f000 r--s 00000000 08:05 2359663                    /var/cache/fontconfig/2cd17615ca594fa2959ae173292e504c-le64.cache-6
7f53d783f000-7f53d7840000 r--s 00000000 08:05 2359660                    /var/cache/fontconfig/0d8c3b2ac0904cb8a57a757ad11a4a08-le64.cache-6
7f53d7840000-7f53d7844000 r--s 00000000 08:05 2362094                    /var/cache/fontconfig/de156ccd2eddbdc19d37a45b8b2aac9c-le64.cache-6
7f53d7844000-7f53d7859000 r--s 00000000 08:05 2359657                    /var/cache/fontconfig/04aabc0a78ac019cf9454389977116d2-le64.cache-6
7f53d7859000-7f53d785a000 r--s 00000000 08:05 2359662                    /var/cache/fontconfig/1ac9eb803944fde146138c791f5cc56a-le64.cache-6
7f53d785a000-7f53d785e000 r--s 00000000 08:05 2359667                    /var/cache/fontconfig/385c0604a188198f04d133e54aba7fe7-le64.cache-6
7f53d785e000-7f53d785f000 r--s 00000000 08:05 2359694                    /var/cache/fontconfig/dc05db6664285cc2f12bf69c139ae4c3-le64.cache-6
7f53d785f000-7f53d7862000 r--s 00000000 08:05 2359677                    /var/cache/fontconfig/767a8244fc0220cfb567a839d0392e0b-le64.cache-6
7f53d7862000-7f53d7863000 r--s 00000000 08:05 2371228                    /var/cache/fontconfig/4794a0821666d79190d59a36cb4f44b5-le64.cache-6
7f53d7863000-7f53d7868000 r--s 00000000 08:05 2359680                    /var/cache/fontconfig/8801497958630a81b71ace7c5f9b32a8-le64.cache-6
7f53d7868000-7f53d7869000 r--s 00000000 08:05 2359687                    /var/cache/fontconfig/bab58bb527bb656aaa9f116d68a48d89-le64.cache-6
7f53d7869000-7f53d7870000 r--s 00000000 08:05 2359664                    /var/cache/fontconfig/3047814df9a2f067bd2d96a2b9c36e5a-le64.cache-6
7f53d7870000-7f53d7871000 r--s 00000000 08:05 2359671                    /var/cache/fontconfig/56cf4f4769d0f4abc89a4895d7bd3ae1-le64.cache-6
7f53d7871000-7f53d7877000 r--s 00000000 08:05 2359685                    /var/cache/fontconfig/b47c4e1ecd0709278f4910c18777a504-le64.cache-6
7f53d7877000-7f53d788a000 r--s 00000000 08:05 2359691                    /var/cache/fontconfig/d52a8644073d54c13679302ca1180695-le64.cache-6
7f53d788a000-7f53d788e000 r--s 00000000 08:05 2359692                    /var/cache/fontconfig/d589a48862398ed80a3d6066f4f56f4c-le64.cache-6
7f53d788e000-7f53d7891000 r--s 00000000 08:05 2359676                    /var/cache/fontconfig/75114ca45c98e8a441da0ff356701271-le64.cache-6
7f53d7891000-7f53d789c000 r--s 00000000 08:05 2359679                    /var/cache/fontconfig/83bf95040141907cd45bb53cf7c1c148-le64.cache-6
7f53d789c000-7f53d78ae000 r--s 00000000 08:05 2359683                    /var/cache/fontconfig/9b89f8e3dae116d678bbf48e5f21f69b-le64.cache-6
7f53d78ae000-7f53d78bb000 r--s 00000000 08:05 2368796                    /var/cache/fontconfig/e13b20fdb08344e0e664864cc2ede53d-le64.cache-6
7f53d78bb000-7f53d78bf000 r--s 00000000 08:05 2363701                    /var/cache/fontconfig/7ef2298fde41cc6eeb7af42e48b7d293-le64.cache-6
7f53d78bf000-7f53d78c4000 r-xp 00000000 08:05 1071423                    /usr/lib/jvm/java-8-oracle/jre/lib/amd64/libjavafx_font_freetype.so
7f53d78c4000-7f53d7ac3000 ---p 00005000 08:05 1071423                    /usr/lib/jvm/java-8-oracle/jre/lib/amd64/libjavafx_font_freetype.so
7f53d7ac3000-7f53d7ac4000 r--p 00004000 08:05 1071423                    /usr/lib/jvm/java-8-oracle/jre/lib/amd64/libjavafx_font_freetype.so
7f53d7ac4000-7f53d7ac5000 rw-p 00005000 08:05 1071423                    /usr/lib/jvm/java-8-oracle/jre/lib/amd64/libjavafx_font_freetype.so
7f53d7ac5000-7f53d7ac8000 r-xp 00000000 08:05 1071476                    /usr/lib/jvm/java-8-oracle/jre/lib/amd64/libjavafx_font.so
7f53d7ac8000-7f53d7cc7000 ---p 00003000 08:05 1071476                    /usr/lib/jvm/java-8-oracle/jre/lib/amd64/libjavafx_font.so
7f53d7cc7000-7f53d7cc8000 r--p 00002000 08:05 1071476                    /usr/lib/jvm/java-8-oracle/jre/lib/amd64/libjavafx_font.so
7f53d7cc8000-7f53d7cc9000 rw-p 00003000 08:05 1071476                    /usr/lib/jvm/java-8-oracle/jre/lib/amd64/libjavafx_font.so
7f53d7cc9000-7f53d7ec9000 rw-p 00000000 00:00 0 
7f53d7ec9000-7f53d7ed2000 r--s 00097000 08:06 660503                     /home/nazar_ch/.m2/repository/com/sun/mail/javax.mail/1.6.0/javax.mail-1.6.0.jar
7f53d7ed2000-7f53d7ee3000 r--s 0008a000 08:06 567479                     /home/nazar_ch/.m2/repository/joda-time/joda-time/2.9.9/joda-time-2.9.9.jar
7f53d7ee3000-7f53d7eed000 r--s 000e7000 08:06 662984                     /home/nazar_ch/.m2/repository/mysql/mysql-connector-java/5.1.38/mysql-connector-java-5.1.38.jar
7f53d7eed000-7f53d7ef0000 ---p 00000000 00:00 0 
7f53d7ef0000-7f53d7fee000 rw-p 00000000 00:00 0 
7f53d7fee000-7f53d7ff3000 rw-s 00000000 00:18 679                        /i915 (deleted)
7f53d7ff3000-7f53d7ff7000 rw-s 00000000 00:18 631                        /i915 (deleted)
7f53d7ff7000-7f53d7ffb000 rw-s 00000000 00:18 546                        /i915 (deleted)
7f53d7ffb000-7f53d8000000 rw-s 00000000 00:18 490                        /i915 (deleted)
7f53d8000000-7f53d8021000 rw-p 00000000 00:00 0 
7f53d8021000-7f53dc000000 ---p 00000000 00:00 0 
7f53dc000000-7f53dc8a5000 rw-p 00000000 00:00 0 
7f53dc8a5000-7f53e0000000 ---p 00000000 00:00 0 
7f53e0000000-7f53e0021000 rw-p 00000000 00:00 0 
7f53e0021000-7f53e4000000 ---p 00000000 00:00 0 
7f53e4000000-7f53e4003000 r--s 00000000 08:05 2371229                    /var/cache/fontconfig/3830d5c3ddfd5cd38a049b759396e72e-le64.cache-6
7f53e4003000-7f53e4006000 ---p 00000000 00:00 0 
7f53e4006000-7f53e4104000 rw-p 00000000 00:00 0 
7f53e4104000-7f53e4105000 ---p 00000000 00:00 0 
7f53e4105000-7f53e4905000 rw-p 00000000 00:00 0 
7f53e4905000-7f53e4906000 ---p 00000000 00:00 0 
7f53e4906000-7f53e5106000 rw-p 00000000 00:00 0 
7f53e5106000-7f53e5109000 ---p 00000000 00:00 0 
7f53e5109000-7f53e5207000 rw-p 00000000 00:00 0 
7f53e5207000-7f53e5208000 ---p 00000000 00:00 0 
7f53e5208000-7f53e5a08000 rw-p 00000000 00:00 0 
7f53e5a08000-7f53e5a0f000 r--p 00000000 08:06 282216                     /home/nazar_ch/.config/dconf/user
7f53e5a0f000-7f53e5a1a000 r-xp 00000000 08:05 394921                     /usr/lib/x86_64-linux-gnu/gio/modules/libdconfsettings.so
7f53e5a1a000-7f53e5c1a000 ---p 0000b000 08:05 394921                     /usr/lib/x86_64-linux-gnu/gio/modules/libdconfsettings.so
7f53e5c1a000-7f53e5c1b000 r--p 0000b000 08:05 394921                     /usr/lib/x86_64-linux-gnu/gio/modules/libdconfsettings.so
7f53e5c1b000-7f53e5c1c000 rw-p 0000c000 08:05 394921                     /usr/lib/x86_64-linux-gnu/gio/modules/libdconfsettings.so
7f53e5c1c000-7f53e5c62000 r--p 00000000 08:05 1053037                    /usr/share/glib-2.0/schemas/gschemas.compiled
7f53e5c62000-7f53e5c69000 r-xp 00000000 08:05 142468                     /usr/lib/x86_64-linux-gnu/libogg.so.0.8.2
7f53e5c69000-7f53e5e69000 ---p 00007000 08:05 142468                     /usr/lib/x86_64-linux-gnu/libogg.so.0.8.2
7f53e5e69000-7f53e5e6a000 r--p 00007000 08:05 142468                     /usr/lib/x86_64-linux-gnu/libogg.so.0.8.2
7f53e5e6a000-7f53e5e6b000 rw-p 00008000 08:05 142468                     /usr/lib/x86_64-linux-gnu/libogg.so.0.8.2
7f53e5e6b000-7f53e5e95000 r-xp 00000000 08:05 137569                     /usr/lib/x86_64-linux-gnu/libvorbis.so.0.4.8
7f53e5e95000-7f53e6094000 ---p 0002a000 08:05 137569                     /usr/lib/x86_64-linux-gnu/libvorbis.so.0.4.8
7f53e6094000-7f53e6095000 r--p 00029000 08:05 137569                     /usr/lib/x86_64-linux-gnu/libvorbis.so.0.4.8
7f53e6095000-7f53e6096000 rw-p 0002a000 08:05 137569                     /usr/lib/x86_64-linux-gnu/libvorbis.so.0.4.8
7f53e6096000-7f53e609f000 r-xp 00000000 08:05 142331                     /usr/lib/x86_64-linux-gnu/libltdl.so.7.3.1
7f53e609f000-7f53e629e000 ---p 00009000 08:05 142331                     /usr/lib/x86_64-linux-gnu/libltdl.so.7.3.1
7f53e629e000-7f53e629f000 r--p 00008000 08:05 142331                     /usr/lib/x86_64-linux-gnu/libltdl.so.7.3.1
7f53e629f000-7f53e62a0000 rw-p 00009000 08:05 142331                     /usr/lib/x86_64-linux-gnu/libltdl.so.7.3.1
7f53e62a0000-7f53e62b4000 r-xp 00000000 08:05 142717                     /usr/lib/x86_64-linux-gnu/libtdb.so.1.3.8
7f53e62b4000-7f53e64b3000 ---p 00014000 08:05 142717                     /usr/lib/x86_64-linux-gnu/libtdb.so.1.3.8
7f53e64b3000-7f53e64b4000 r--p 00013000 08:05 142717                     /usr/lib/x86_64-linux-gnu/libtdb.so.1.3.8
7f53e64b4000-7f53e64b5000 rw-p 00014000 08:05 142717                     /usr/lib/x86_64-linux-gnu/libtdb.so.1.3.8
7f53e64b5000-7f53e64bc000 r-xp 00000000 08:05 137565                     /usr/lib/x86_64-linux-gnu/libvorbisfile.so.3.3.7
7f53e64bc000-7f53e66bc000 ---p 00007000 08:05 137565                     /usr/lib/x86_64-linux-gnu/libvorbisfile.so.3.3.7
7f53e66bc000-7f53e66bd000 r--p 00007000 08:05 137565                     /usr/lib/x86_64-linux-gnu/libvorbisfile.so.3.3.7
7f53e66bd000-7f53e66be000 rw-p 00008000 08:05 137565                     /usr/lib/x86_64-linux-gnu/libvorbisfile.so.3.3.7
7f53e66be000-7f53e66ce000 r-xp 00000000 08:05 141717                     /usr/lib/x86_64-linux-gnu/libcanberra.so.0.2.5
7f53e66ce000-7f53e68cd000 ---p 00010000 08:05 141717                     /usr/lib/x86_64-linux-gnu/libcanberra.so.0.2.5
7f53e68cd000-7f53e68ce000 r--p 0000f000 08:05 141717                     /usr/lib/x86_64-linux-gnu/libcanberra.so.0.2.5
7f53e68ce000-7f53e68cf000 rw-p 00010000 08:05 141717                     /usr/lib/x86_64-linux-gnu/libcanberra.so.0.2.5
7f53e68cf000-7f53e68d3000 r-xp 00000000 08:05 141713                     /usr/lib/x86_64-linux-gnu/libcanberra-gtk.so.0.1.9
7f53e68d3000-7f53e6ad2000 ---p 00004000 08:05 141713                     /usr/lib/x86_64-linux-gnu/libcanberra-gtk.so.0.1.9
7f53e6ad2000-7f53e6ad3000 r--p 00003000 08:05 141713                     /usr/lib/x86_64-linux-gnu/libcanberra-gtk.so.0.1.9
7f53e6ad3000-7f53e6ad4000 rw-p 00004000 08:05 141713                     /usr/lib/x86_64-linux-gnu/libcanberra-gtk.so.0.1.9
7f53e6ad4000-7f53e6ad9000 r-xp 00000000 08:05 395136                     /usr/lib/x86_64-linux-gnu/gtk-2.0/modules/libcanberra-gtk-module.so
7f53e6ad9000-7f53e6cd8000 ---p 00005000 08:05 395136                     /usr/lib/x86_64-linux-gnu/gtk-2.0/modules/libcanberra-gtk-module.so
7f53e6cd8000-7f53e6cd9000 r--p 00004000 08:05 395136                     /usr/lib/x86_64-linux-gnu/gtk-2.0/modules/libcanberra-gtk-module.so
7f53e6cd9000-7f53e6cda000 rw-p 00005000 08:05 395136                     /usr/lib/x86_64-linux-gnu/gtk-2.0/modules/libcanberra-gtk-module.so
7f53e6cda000-7f53e6d0a000 r-xp 00000000 08:05 395118                     /usr/lib/x86_64-linux-gnu/gtk-2.0/2.10.0/engines/libmurrine.so
7f53e6d0a000-7f53e6f0a000 ---p 00030000 08:05 395118                     /usr/lib/x86_64-linux-gnu/gtk-2.0/2.10.0/engines/libmurrine.so
7f53e6f0a000-7f53e6f0b000 r--p 00030000 08:05 395118                     /usr/lib/x86_64-linux-gnu/gtk-2.0/2.10.0/engines/libmurrine.so
7f53e6f0b000-7f53e6f0c000 rw-p 00031000 08:05 395118                     /usr/lib/x86_64-linux-gnu/gtk-2.0/2.10.0/engines/libmurrine.so
7f53e6f0c000-7f53e6f1c000 r-xp 00000000 08:05 142775                     /usr/lib/x86_64-linux-gnu/libunity-gtk2-parser.so.0.0.0
7f53e6f1c000-7f53e711c000 ---p 00010000 08:05 142775                     /usr/lib/x86_64-linux-gnu/libunity-gtk2-parser.so.0.0.0
7f53e711c000-7f53e711d000 r--p 00010000 08:05 142775                     /usr/lib/x86_64-linux-gnu/libunity-gtk2-parser.so.0.0.0
7f53e711d000-7f53e711e000 rw-p 00011000 08:05 142775                     /usr/lib/x86_64-linux-gnu/libunity-gtk2-parser.so.0.0.0
7f53e711e000-7f53e7123000 r-xp 00000000 08:05 395140                     /usr/lib/x86_64-linux-gnu/gtk-2.0/modules/libunity-gtk-module.so
7f53e7123000-7f53e7322000 ---p 00005000 08:05 395140                     /usr/lib/x86_64-linux-gnu/gtk-2.0/modules/libunity-gtk-module.so
7f53e7322000-7f53e7323000 r--p 00004000 08:05 395140                     /usr/lib/x86_64-linux-gnu/gtk-2.0/modules/libunity-gtk-module.so
7f53e7323000-7f53e7324000 rw-p 00005000 08:05 395140                     /usr/lib/x86_64-linux-gnu/gtk-2.0/modules/libunity-gtk-module.so
7f53e7324000-7f53e7336000 r-xp 00000000 08:05 922799                     /lib/x86_64-linux-gnu/libgpg-error.so.0.17.0
7f53e7336000-7f53e7536000 ---p 00012000 08:05 922799                     /lib/x86_64-linux-gnu/libgpg-error.so.0.17.0
7f53e7536000-7f53e7537000 r--p 00012000 08:05 922799                     /lib/x86_64-linux-gnu/libgpg-error.so.0.17.0
7f53e7537000-7f53e7538000 rw-p 00013000 08:05 922799                     /lib/x86_64-linux-gnu/libgpg-error.so.0.17.0
7f53e7538000-7f53e760f000 r-xp 00000000 08:05 922493                     /lib/x86_64-linux-gnu/libgcrypt.so.20.0.5
7f53e760f000-7f53e780f000 ---p 000d7000 08:05 922493                     /lib/x86_64-linux-gnu/libgcrypt.so.20.0.5
7f53e780f000-7f53e7810000 r--p 000d7000 08:05 922493                     /lib/x86_64-linux-gnu/libgcrypt.so.20.0.5
7f53e7810000-7f53e7818000 rw-p 000d8000 08:05 922493                     /lib/x86_64-linux-gnu/libgcrypt.so.20.0.5
7f53e7818000-7f53e7819000 rw-p 00000000 00:00 0 
7f53e7819000-7f53e783a000 r-xp 00000000 08:05 922822                     /lib/x86_64-linux-gnu/liblzma.so.5.0.0
7f53e783a000-7f53e7a39000 ---p 00021000 08:05 922822                     /lib/x86_64-linux-gnu/liblzma.so.5.0.0
7f53e7a39000-7f53e7a3a000 r--p 00020000 08:05 922822                     /lib/x86_64-linux-gnu/liblzma.so.5.0.0
7f53e7a3a000-7f53e7a3b000 rw-p 00021000 08:05 922822                     /lib/x86_64-linux-gnu/liblzma.so.5.0.0
7f53e7a3b000-7f53e7abb000 r-xp 00000000 08:05 923787                     /lib/x86_64-linux-gnu/libsystemd.so.0.14.0
7f53e7abb000-7f53e7abe000 r--p 0007f000 08:05 923787                     /lib/x86_64-linux-gnu/libsystemd.so.0.14.0
7f53e7abe000-7f53e7abf000 rw-p 00082000 08:05 923787                     /lib/x86_64-linux-gnu/libsystemd.so.0.14.0
7f53e7abf000-7f53e7ac0000 rw-p 00000000 00:00 0 
7f53e7ac0000-7f53e7b0a000 r-xp 00000000 08:05 922771                     /lib/x86_64-linux-gnu/libdbus-1.so.3.14.6
7f53e7b0a000-7f53e7d0a000 ---p 0004a000 08:05 922771                     /lib/x86_64-linux-gnu/libdbus-1.so.3.14.6
7f53e7d0a000-7f53e7d0b000 r--p 0004a000 08:05 922771                     /lib/x86_64-linux-gnu/libdbus-1.so.3.14.6
7f53e7d0b000-7f53e7d0c000 rw-p 0004b000 08:05 922771                     /lib/x86_64-linux-gnu/libdbus-1.so.3.14.6
7f53e7d0c000-7f53e7d38000 r-xp 00000000 08:05 141656                     /usr/lib/x86_64-linux-gnu/libatspi.so.0.0.1
7f53e7d38000-7f53e7f37000 ---p 0002c000 08:05 141656                     /usr/lib/x86_64-linux-gnu/libatspi.so.0.0.1
7f53e7f37000-7f53e7f3a000 r--p 0002b000 08:05 141656                     /usr/lib/x86_64-linux-gnu/libatspi.so.0.0.1
7f53e7f3a000-7f53e7f3b000 rw-p 0002e000 08:05 141656                     /usr/lib/x86_64-linux-gnu/libatspi.so.0.0.1
7f53e7f3b000-7f53e7f68000 r-xp 00000000 08:05 141650                     /usr/lib/x86_64-linux-gnu/libatk-bridge-2.0.so.0.0.0
7f53e7f68000-7f53e8167000 ---p 0002d000 08:05 141650                     /usr/lib/x86_64-linux-gnu/libatk-bridge-2.0.so.0.0.0
7f53e8167000-7f53e8168000 r--p 0002c000 08:05 141650                     /usr/lib/x86_64-linux-gnu/libatk-bridge-2.0.so.0.0.0
7f53e8168000-7f53e816a000 rw-p 0002d000 08:05 141650                     /usr/lib/x86_64-linux-gnu/libatk-bridge-2.0.so.0.0.0
7f53e816a000-7f53e816b000 r-xp 00000000 08:05 395135                     /usr/lib/x86_64-linux-gnu/gtk-2.0/modules/libatk-bridge.so
7f53e816b000-7f53e836a000 ---p 00001000 08:05 395135                     /usr/lib/x86_64-linux-gnu/gtk-2.0/modules/libatk-bridge.so
7f53e836a000-7f53e836b000 r--p 00000000 08:05 395135                     /usr/lib/x86_64-linux-gnu/gtk-2.0/modules/libatk-bridge.so
7f53e836b000-7f53e836c000 rw-p 00001000 08:05 395135                     /usr/lib/x86_64-linux-gnu/gtk-2.0/modules/libatk-bridge.so
7f53e836c000-7f53e8373000 r-xp 00000000 08:05 131611                     /usr/lib/x86_64-linux-gnu/libgailutil.so.18.0.1
7f53e8373000-7f53e8572000 ---p 00007000 08:05 131611                     /usr/lib/x86_64-linux-gnu/libgailutil.so.18.0.1
7f53e8572000-7f53e8573000 r--p 00006000 08:05 131611                     /usr/lib/x86_64-linux-gnu/libgailutil.so.18.0.1
7f53e8573000-7f53e8574000 rw-p 00007000 08:05 131611                     /usr/lib/x86_64-linux-gnu/libgailutil.so.18.0.1
7f53e8574000-7f53e85c2000 r-xp 00000000 08:05 397619                     /usr/lib/x86_64-linux-gnu/gtk-2.0/modules/libgail.so
7f53e85c2000-7f53e87c1000 ---p 0004e000 08:05 397619                     /usr/lib/x86_64-linux-gnu/gtk-2.0/modules/libgail.so
7f53e87c1000-7f53e87c2000 r--p 0004d000 08:05 397619                     /usr/lib/x86_64-linux-gnu/gtk-2.0/modules/libgail.so
7f53e87c2000-7f53e87c4000 rw-p 0004e000 08:05 397619                     /usr/lib/x86_64-linux-gnu/gtk-2.0/modules/libgail.so
7f53e87c4000-7f53e87d5000 r-xp 00000000 08:05 395139                     /usr/lib/x86_64-linux-gnu/gtk-2.0/modules/liboverlay-scrollbar.so
7f53e87d5000-7f53e89d5000 ---p 00011000 08:05 395139                     /usr/lib/x86_64-linux-gnu/gtk-2.0/modules/liboverlay-scrollbar.so
7f53e89d5000-7f53e89d6000 r--p 00011000 08:05 395139                     /usr/lib/x86_64-linux-gnu/gtk-2.0/modules/liboverlay-scrollbar.so
7f53e89d6000-7f53e89d7000 rw-p 00012000 08:05 395139                     /usr/lib/x86_64-linux-gnu/gtk-2.0/modules/liboverlay-scrollbar.so
7f53e89d7000-7f53e8a1a000 r-xp 00000000 08:05 1071441                    /usr/lib/jvm/java-8-oracle/jre/lib/amd64/libglass.so
7f53e8a1a000-7f53e8c1a000 ---p 00043000 08:05 1071441                    /usr/lib/jvm/java-8-oracle/jre/lib/amd64/libglass.so
7f53e8c1a000-7f53e8c1c000 r--p 00043000 08:05 1071441                    /usr/lib/jvm/java-8-oracle/jre/lib/amd64/libglass.so
7f53e8c1c000-7f53e8c1d000 rw-p 00045000 08:05 1071441                    /usr/lib/jvm/java-8-oracle/jre/lib/amd64/libglass.so
7f53e8c1d000-7f53e8c1e000 rw-p 00000000 00:00 0 
7f53e8c1e000-7f53e8c26000 r-xp 00000000 08:05 142510                     /usr/lib/x86_64-linux-gnu/libpciaccess.so.0.11.1
7f53e8c26000-7f53e8e26000 ---p 00008000 08:05 142510                     /usr/lib/x86_64-linux-gnu/libpciaccess.so.0.11.1
7f53e8e26000-7f53e8e27000 r--p 00008000 08:05 142510                     /usr/lib/x86_64-linux-gnu/libpciaccess.so.0.11.1
7f53e8e27000-7f53e8e28000 rw-p 00009000 08:05 142510                     /usr/lib/x86_64-linux-gnu/libpciaccess.so.0.11.1
7f53e8e28000-7f53e8e3e000 r-xp 00000000 08:05 922793                     /lib/x86_64-linux-gnu/libgcc_s.so.1
7f53e8e3e000-7f53e903d000 ---p 00016000 08:05 922793                     /lib/x86_64-linux-gnu/libgcc_s.so.1
7f53e903d000-7f53e903e000 rw-p 00015000 08:05 922793                     /lib/x86_64-linux-gnu/libgcc_s.so.1
7f53e903e000-7f53e91b0000 r-xp 00000000 08:05 133124                     /usr/lib/x86_64-linux-gnu/libstdc++.so.6.0.21
7f53e91b0000-7f53e93b0000 ---p 00172000 08:05 133124                     /usr/lib/x86_64-linux-gnu/libstdc++.so.6.0.21
7f53e93b0000-7f53e93ba000 r--p 00172000 08:05 133124                     /usr/lib/x86_64-linux-gnu/libstdc++.so.6.0.21
7f53e93ba000-7f53e93bc000 rw-p 0017c000 08:05 133124                     /usr/lib/x86_64-linux-gnu/libstdc++.so.6.0.21
7f53e93bc000-7f53e93c0000 rw-p 00000000 00:00 0 
7f53e93c0000-7f53e93cb000 r-xp 00000000 08:05 131578                     /usr/lib/x86_64-linux-gnu/libdrm_radeon.so.1.0.1
7f53e93cb000-7f53e95ca000 ---p 0000b000 08:05 131578                     /usr/lib/x86_64-linux-gnu/libdrm_radeon.so.1.0.1
7f53e95ca000-7f53e95cb000 r--p 0000a000 08:05 131578                     /usr/lib/x86_64-linux-gnu/libdrm_radeon.so.1.0.1
7f53e95cb000-7f53e95cc000 rw-p 0000b000 08:05 131578                     /usr/lib/x86_64-linux-gnu/libdrm_radeon.so.1.0.1
7f53e95cc000-7f53e95d3000 r-xp 00000000 08:05 131576                     /usr/lib/x86_64-linux-gnu/libdrm_nouveau.so.2.0.0
7f53e95d3000-7f53e97d2000 ---p 00007000 08:05 131576                     /usr/lib/x86_64-linux-gnu/libdrm_nouveau.so.2.0.0
7f53e97d2000-7f53e97d3000 r--p 00006000 08:05 131576                     /usr/lib/x86_64-linux-gnu/libdrm_nouveau.so.2.0.0
7f53e97d3000-7f53e97d4000 rw-p 00007000 08:05 131576                     /usr/lib/x86_64-linux-gnu/libdrm_nouveau.so.2.0.0
7f53e97d4000-7f53e97f6000 r-xp 00000000 08:05 137585                     /usr/lib/x86_64-linux-gnu/libdrm_intel.so.1.0.0
7f53e97f6000-7f53e99f6000 ---p 00022000 08:05 137585                     /usr/lib/x86_64-linux-gnu/libdrm_intel.so.1.0.0
7f53e99f6000-7f53e99f7000 r--p 00022000 08:05 137585                     /usr/lib/x86_64-linux-gnu/libdrm_intel.so.1.0.0
7f53e99f7000-7f53e99f8000 rw-p 00023000 08:05 137585                     /usr/lib/x86_64-linux-gnu/libdrm_intel.so.1.0.0
7f53e99f8000-7f53ea2d8000 r-xp 00000000 08:05 394026                     /usr/lib/x86_64-linux-gnu/dri/i965_dri.so
7f53ea2d8000-7f53ea4d8000 ---p 008e0000 08:05 394026                     /usr/lib/x86_64-linux-gnu/dri/i965_dri.so
7f53ea4d8000-7f53ea528000 r--p 008e0000 08:05 394026                     /usr/lib/x86_64-linux-gnu/dri/i965_dri.so
7f53ea528000-7f53ea533000 rw-p 00930000 08:05 394026                     /usr/lib/x86_64-linux-gnu/dri/i965_dri.so
7f53ea533000-7f53ea5d8000 rw-p 00000000 00:00 0 
7f53ea5d8000-7f53ea5de000 r-xp 00000000 08:05 141800                     /usr/lib/x86_64-linux-gnu/libdatrie.so.1.3.3
7f53ea5de000-7f53ea7de000 ---p 00006000 08:05 141800                     /usr/lib/x86_64-linux-gnu/libdatrie.so.1.3.3
7f53ea7de000-7f53ea7df000 r--p 00006000 08:05 141800                     /usr/lib/x86_64-linux-gnu/libdatrie.so.1.3.3
7f53ea7df000-7f53ea7e0000 rw-p 00007000 08:05 141800                     /usr/lib/x86_64-linux-gnu/libdatrie.so.1.3.3
7f53ea7e0000-7f53ea7e5000 r-xp 00000000 08:05 141555                     /usr/lib/x86_64-linux-gnu/libXdmcp.so.6.0.0
7f53ea7e5000-7f53ea9e4000 ---p 00005000 08:05 141555                     /usr/lib/x86_64-linux-gnu/libXdmcp.so.6.0.0
7f53ea9e4000-7f53ea9e5000 r--p 00004000 08:05 141555                     /usr/lib/x86_64-linux-gnu/libXdmcp.so.6.0.0
7f53ea9e5000-7f53ea9e6000 rw-p 00005000 08:05 141555                     /usr/lib/x86_64-linux-gnu/libXdmcp.so.6.0.0
7f53ea9e6000-7f53ea9e8000 r-xp 00000000 08:05 141544                     /usr/lib/x86_64-linux-gnu/libXau.so.6.0.0
7f53ea9e8000-7f53eabe8000 ---p 00002000 08:05 141544                     /usr/lib/x86_64-linux-gnu/libXau.so.6.0.0
7f53eabe8000-7f53eabe9000 r--p 00002000 08:05 141544                     /usr/lib/x86_64-linux-gnu/libXau.so.6.0.0
7f53eabe9000-7f53eabea000 rw-p 00003000 08:05 141544                     /usr/lib/x86_64-linux-gnu/libXau.so.6.0.0
7f53eabea000-7f53eac0e000 r-xp 00000000 08:05 136800                     /usr/lib/x86_64-linux-gnu/libgraphite2.so.3.0.1
7f53eac0e000-7f53eae0d000 ---p 00024000 08:05 136800                     /usr/lib/x86_64-linux-gnu/libgraphite2.so.3.0.1
7f53eae0d000-7f53eae0f000 r--p 00023000 08:05 136800                     /usr/lib/x86_64-linux-gnu/libgraphite2.so.3.0.1
7f53eae0f000-7f53eae10000 rw-p 00025000 08:05 136800                     /usr/lib/x86_64-linux-gnu/libgraphite2.so.3.0.1
7f53eae10000-7f53eae20000 r-xp 00000000 08:05 131831                     /usr/lib/x86_64-linux-gnu/libdrm.so.2.4.0
7f53eae20000-7f53eb020000 ---p 00010000 08:05 131831                     /usr/lib/x86_64-linux-gnu/libdrm.so.2.4.0
7f53eb020000-7f53eb021000 r--p 00010000 08:05 131831                     /usr/lib/x86_64-linux-gnu/libdrm.so.2.4.0
7f53eb021000-7f53eb022000 rw-p 00011000 08:05 131831                     /usr/lib/x86_64-linux-gnu/libdrm.so.2.4.0
7f53eb022000-7f53eb026000 r-xp 00000000 08:05 142921                     /usr/lib/x86_64-linux-gnu/libxcb-dri2.so.0.0.0
7f53eb026000-7f53eb225000 ---p 00004000 08:05 142921                     /usr/lib/x86_64-linux-gnu/libxcb-dri2.so.0.0.0
7f53eb225000-7f53eb226000 r--p 00003000 08:05 142921                     /usr/lib/x86_64-linux-gnu/libxcb-dri2.so.0.0.0
7f53eb226000-7f53eb227000 rw-p 00004000 08:05 142921                     /usr/lib/x86_64-linux-gnu/libxcb-dri2.so.0.0.0
7f53eb227000-7f53eb23e000 r-xp 00000000 08:05 142925                     /usr/lib/x86_64-linux-gnu/libxcb-glx.so.0.0.0
7f53eb23e000-7f53eb43d000 ---p 00017000 08:05 142925                     /usr/lib/x86_64-linux-gnu/libxcb-glx.so.0.0.0
7f53eb43d000-7f53eb43f000 r--p 00016000 08:05 142925                     /usr/lib/x86_64-linux-gnu/libxcb-glx.so.0.0.0
7f53eb43f000-7f53eb440000 rw-p 00018000 08:05 142925                     /usr/lib/x86_64-linux-gnu/libxcb-glx.so.0.0.0
7f53eb440000-7f53eb441000 r-xp 00000000 08:05 131121                     /usr/lib/x86_64-linux-gnu/libX11-xcb.so.1.0.0
7f53eb441000-7f53eb640000 ---p 00001000 08:05 131121                     /usr/lib/x86_64-linux-gnu/libX11-xcb.so.1.0.0
7f53eb640000-7f53eb641000 r--p 00000000 08:05 131121                     /usr/lib/x86_64-linux-gnu/libX11-xcb.so.1.0.0
7f53eb641000-7f53eb642000 rw-p 00001000 08:05 131121                     /usr/lib/x86_64-linux-gnu/libX11-xcb.so.1.0.0
7f53eb642000-7f53eb66e000 r-xp 00000000 08:05 132440                     /usr/lib/x86_64-linux-gnu/libglapi.so.0.0.0
7f53eb66e000-7f53eb86d000 ---p 0002c000 08:05 132440                     /usr/lib/x86_64-linux-gnu/libglapi.so.0.0.0
7f53eb86d000-7f53eb871000 r--p 0002b000 08:05 132440                     /usr/lib/x86_64-linux-gnu/libglapi.so.0.0.0
7f53eb871000-7f53eb872000 rw-p 0002f000 08:05 132440                     /usr/lib/x86_64-linux-gnu/libglapi.so.0.0.0
7f53eb872000-7f53eb873000 rw-p 00000000 00:00 0 
7f53eb873000-7f53eb874000 r-xp 00000000 08:05 142965                     /usr/lib/x86_64-linux-gnu/libxshmfence.so.1.0.0
7f53eb874000-7f53eba74000 ---p 00001000 08:05 142965                     /usr/lib/x86_64-linux-gnu/libxshmfence.so.1.0.0
7f53eba74000-7f53eba75000 r--p 00001000 08:05 142965                     /usr/lib/x86_64-linux-gnu/libxshmfence.so.1.0.0
7f53eba75000-7f53eba76000 rw-p 00002000 08:05 142965                     /usr/lib/x86_64-linux-gnu/libxshmfence.so.1.0.0
7f53eba76000-7f53eba7b000 r-xp 00000000 08:05 142945                     /usr/lib/x86_64-linux-gnu/libxcb-sync.so.1.0.0
7f53eba7b000-7f53ebc7b000 ---p 00005000 08:05 142945                     /usr/lib/x86_64-linux-gnu/libxcb-sync.so.1.0.0
7f53ebc7b000-7f53ebc7c000 r--p 00005000 08:05 142945                     /usr/lib/x86_64-linux-gnu/libxcb-sync.so.1.0.0
7f53ebc7c000-7f53ebc7d000 rw-p 00006000 08:05 142945                     /usr/lib/x86_64-linux-gnu/libxcb-sync.so.1.0.0
7f53ebc7d000-7f53ebc7f000 r-xp 00000000 08:05 142933                     /usr/lib/x86_64-linux-gnu/libxcb-present.so.0.0.0
7f53ebc7f000-7f53ebe7e000 ---p 00002000 08:05 142933                     /usr/lib/x86_64-linux-gnu/libxcb-present.so.0.0.0
7f53ebe7e000-7f53ebe7f000 r--p 00001000 08:05 142933                     /usr/lib/x86_64-linux-gnu/libxcb-present.so.0.0.0
7f53ebe7f000-7f53ebe80000 rw-p 00002000 08:05 142933                     /usr/lib/x86_64-linux-gnu/libxcb-present.so.0.0.0
7f53ebe80000-7f53ebe82000 r-xp 00000000 08:05 142923                     /usr/lib/x86_64-linux-gnu/libxcb-dri3.so.0.0.0
7f53ebe82000-7f53ec081000 ---p 00002000 08:05 142923                     /usr/lib/x86_64-linux-gnu/libxcb-dri3.so.0.0.0
7f53ec081000-7f53ec082000 r--p 00001000 08:05 142923                     /usr/lib/x86_64-linux-gnu/libxcb-dri3.so.0.0.0
7f53ec082000-7f53ec083000 rw-p 00002000 08:05 142923                     /usr/lib/x86_64-linux-gnu/libxcb-dri3.so.0.0.0
7f53ec083000-7f53ec0f1000 r-xp 00000000 08:05 922884                     /lib/x86_64-linux-gnu/libpcre.so.3.13.2
7f53ec0f1000-7f53ec2f1000 ---p 0006e000 08:05 922884                     /lib/x86_64-linux-gnu/libpcre.so.3.13.2
7f53ec2f1000-7f53ec2f2000 r--p 0006e000 08:05 922884                     /lib/x86_64-linux-gnu/libpcre.so.3.13.2
7f53ec2f2000-7f53ec2f3000 rw-p 0006f000 08:05 922884                     /lib/x86_64-linux-gnu/libpcre.so.3.13.2
7f53ec2f3000-7f53ec2fa000 r-xp 00000000 08:05 141929                     /usr/lib/x86_64-linux-gnu/libffi.so.6.0.4
7f53ec2fa000-7f53ec4f9000 ---p 00007000 08:05 141929                     /usr/lib/x86_64-linux-gnu/libffi.so.6.0.4
7f53ec4f9000-7f53ec4fa000 r--p 00006000 08:05 141929                     /usr/lib/x86_64-linux-gnu/libffi.so.6.0.4
7f53ec4fa000-7f53ec4fb000 rw-p 00007000 08:05 141929                     /usr/lib/x86_64-linux-gnu/libffi.so.6.0.4
7f53ec4fb000-7f53ec521000 r-xp 00000000 08:05 922370                     /lib/x86_64-linux-gnu/libexpat.so.1.6.0
7f53ec521000-7f53ec721000 ---p 00026000 08:05 922370                     /lib/x86_64-linux-gnu/libexpat.so.1.6.0
7f53ec721000-7f53ec723000 r--p 00026000 08:05 922370                     /lib/x86_64-linux-gnu/libexpat.so.1.6.0
7f53ec723000-7f53ec724000 rw-p 00028000 08:05 922370                     /lib/x86_64-linux-gnu/libexpat.so.1.6.0
7f53ec724000-7f53ec72c000 r-xp 00000000 08:05 142725                     /usr/lib/x86_64-linux-gnu/libthai.so.0.2.4
7f53ec72c000-7f53ec92b000 ---p 00008000 08:05 142725                     /usr/lib/x86_64-linux-gnu/libthai.so.0.2.4
7f53ec92b000-7f53ec92c000 r--p 00007000 08:05 142725                     /usr/lib/x86_64-linux-gnu/libthai.so.0.2.4
7f53ec92c000-7f53ec92d000 rw-p 00008000 08:05 142725                     /usr/lib/x86_64-linux-gnu/libthai.so.0.2.4
7f53ec92d000-7f53ec94e000 r-xp 00000000 08:05 142953                     /usr/lib/x86_64-linux-gnu/libxcb.so.1.1.0
7f53ec94e000-7f53ecb4d000 ---p 00021000 08:05 142953                     /usr/lib/x86_64-linux-gnu/libxcb.so.1.1.0
7f53ecb4d000-7f53ecb4e000 r--p 00020000 08:05 142953                     /usr/lib/x86_64-linux-gnu/libxcb.so.1.1.0
7f53ecb4e000-7f53ecb4f000 rw-p 00021000 08:05 142953                     /usr/lib/x86_64-linux-gnu/libxcb.so.1.1.0
7f53ecb4f000-7f53ecb57000 r-xp 00000000 08:05 142939                     /usr/lib/x86_64-linux-gnu/libxcb-render.so.0.0.0
7f53ecb57000-7f53ecd57000 ---p 00008000 08:05 142939                     /usr/lib/x86_64-linux-gnu/libxcb-render.so.0.0.0
7f53ecd57000-7f53ecd58000 r--p 00008000 08:05 142939                     /usr/lib/x86_64-linux-gnu/libxcb-render.so.0.0.0
7f53ecd58000-7f53ecd59000 rw-p 00009000 08:05 142939                     /usr/lib/x86_64-linux-gnu/libxcb-render.so.0.0.0
7f53ecd59000-7f53ecd5b000 r-xp 00000000 08:05 142943                     /usr/lib/x86_64-linux-gnu/libxcb-shm.so.0.0.0
7f53ecd5b000-7f53ecf5b000 ---p 00002000 08:05 142943                     /usr/lib/x86_64-linux-gnu/libxcb-shm.so.0.0.0
7f53ecf5b000-7f53ecf5c000 r--p 00002000 08:05 142943                     /usr/lib/x86_64-linux-gnu/libxcb-shm.so.0.0.0
7f53ecf5c000-7f53ecf5d000 rw-p 00003000 08:05 142943                     /usr/lib/x86_64-linux-gnu/libxcb-shm.so.0.0.0
7f53ecf5d000-7f53ecf81000 r-xp 00000000 08:05 922427                     /lib/x86_64-linux-gnu/libpng12.so.0.54.0
7f53ecf81000-7f53ed180000 ---p 00024000 08:05 922427                     /lib/x86_64-linux-gnu/libpng12.so.0.54.0
7f53ed180000-7f53ed181000 r--p 00023000 08:05 922427                     /lib/x86_64-linux-gnu/libpng12.so.0.54.0
7f53ed181000-7f53ed182000 rw-p 00024000 08:05 922427                     /lib/x86_64-linux-gnu/libpng12.so.0.54.0
7f53ed182000-7f53ed221000 r-xp 00000000 08:05 142524                     /usr/lib/x86_64-linux-gnu/libpixman-1.so.0.33.6
7f53ed221000-7f53ed421000 ---p 0009f000 08:05 142524                     /usr/lib/x86_64-linux-gnu/libpixman-1.so.0.33.6
7f53ed421000-7f53ed429000 r--p 0009f000 08:05 142524                     /usr/lib/x86_64-linux-gnu/libpixman-1.so.0.33.6
7f53ed429000-7f53ed42a000 rw-p 000a7000 08:05 142524                     /usr/lib/x86_64-linux-gnu/libpixman-1.so.0.33.6
7f53ed42a000-7f53ed486000 r-xp 00000000 08:05 142192                     /usr/lib/x86_64-linux-gnu/libharfbuzz.so.0.10000.1
7f53ed486000-7f53ed686000 ---p 0005c000 08:05 142192                     /usr/lib/x86_64-linux-gnu/libharfbuzz.so.0.10000.1
7f53ed686000-7f53ed687000 r--p 0005c000 08:05 142192                     /usr/lib/x86_64-linux-gnu/libharfbuzz.so.0.10000.1
7f53ed687000-7f53ed688000 rw-p 0005d000 08:05 142192                     /usr/lib/x86_64-linux-gnu/libharfbuzz.so.0.10000.1
7f53ed688000-7f53ed69f000 r-xp 00000000 08:05 927258                     /lib/x86_64-linux-gnu/libresolv-2.23.so
7f53ed69f000-7f53ed89f000 ---p 00017000 08:05 927258                     /lib/x86_64-linux-gnu/libresolv-2.23.so
7f53ed89f000-7f53ed8a0000 r--p 00017000 08:05 927258                     /lib/x86_64-linux-gnu/libresolv-2.23.so
7f53ed8a0000-7f53ed8a1000 rw-p 00018000 08:05 927258                     /lib/x86_64-linux-gnu/libresolv-2.23.so
7f53ed8a1000-7f53ed8a3000 rw-p 00000000 00:00 0 
7f53ed8a3000-7f53ed8c2000 r-xp 00000000 08:05 922913                     /lib/x86_64-linux-gnu/libselinux.so.1
7f53ed8c2000-7f53edac1000 ---p 0001f000 08:05 922913                     /lib/x86_64-linux-gnu/libselinux.so.1
7f53edac1000-7f53edac2000 r--p 0001e000 08:05 922913                     /lib/x86_64-linux-gnu/libselinux.so.1
7f53edac2000-7f53edac3000 rw-p 0001f000 08:05 922913                     /lib/x86_64-linux-gnu/libselinux.so.1
7f53edac3000-7f53edac5000 rw-p 00000000 00:00 0 
7f53edac5000-7f53edade000 r-xp 00000000 08:05 923939                     /lib/x86_64-linux-gnu/libz.so.1.2.8
7f53edade000-7f53edcdd000 ---p 00019000 08:05 923939                     /lib/x86_64-linux-gnu/libz.so.1.2.8
7f53edcdd000-7f53edcde000 r--p 00018000 08:05 923939                     /lib/x86_64-linux-gnu/libz.so.1.2.8
7f53edcde000-7f53edcdf000 rw-p 00019000 08:05 923939                     /lib/x86_64-linux-gnu/libz.so.1.2.8
7f53edcdf000-7f53edcf0000 r-xp 00000000 08:05 141557                     /usr/lib/x86_64-linux-gnu/libXext.so.6.4.0
7f53edcf0000-7f53edeef000 ---p 00011000 08:05 141557                     /usr/lib/x86_64-linux-gnu/libXext.so.6.4.0
7f53edeef000-7f53edef0000 r--p 00010000 08:05 141557                     /usr/lib/x86_64-linux-gnu/libXext.so.6.4.0
7f53edef0000-7f53edef1000 rw-p 00011000 08:05 141557                     /usr/lib/x86_64-linux-gnu/libXext.so.6.4.0
7f53edef1000-7f53edef3000 r-xp 00000000 08:05 141553                     /usr/lib/x86_64-linux-gnu/libXdamage.so.1.1.0
7f53edef3000-7f53ee0f2000 ---p 00002000 08:05 141553                     /usr/lib/x86_64-linux-gnu/libXdamage.so.1.1.0
7f53ee0f2000-7f53ee0f3000 r--p 00001000 08:05 141553                     /usr/lib/x86_64-linux-gnu/libXdamage.so.1.1.0
7f53ee0f3000-7f53ee0f4000 rw-p 00002000 08:05 141553                     /usr/lib/x86_64-linux-gnu/libXdamage.so.1.1.0
7f53ee0f4000-7f53ee0f6000 r-xp 00000000 08:05 141549                     /usr/lib/x86_64-linux-gnu/libXcomposite.so.1.0.0
7f53ee0f6000-7f53ee2f5000 ---p 00002000 08:05 141549                     /usr/lib/x86_64-linux-gnu/libXcomposite.so.1.0.0
7f53ee2f5000-7f53ee2f6000 r--p 00001000 08:05 141549                     /usr/lib/x86_64-linux-gnu/libXcomposite.so.1.0.0
7f53ee2f6000-7f53ee2f7000 rw-p 00002000 08:05 141549                     /usr/lib/x86_64-linux-gnu/libXcomposite.so.1.0.0
7f53ee2f7000-7f53ee300000 r-xp 00000000 08:05 134752                     /usr/lib/x86_64-linux-gnu/libXcursor.so.1.0.2
7f53ee300000-7f53ee4ff000 ---p 00009000 08:05 134752                     /usr/lib/x86_64-linux-gnu/libXcursor.so.1.0.2
7f53ee4ff000-7f53ee500000 r--p 00008000 08:05 134752                     /usr/lib/x86_64-linux-gnu/libXcursor.so.1.0.2
7f53ee500000-7f53ee501000 rw-p 00009000 08:05 134752                     /usr/lib/x86_64-linux-gnu/libXcursor.so.1.0.2
7f53ee501000-7f53ee50b000 r-xp 00000000 08:05 141575                     /usr/lib/x86_64-linux-gnu/libXrandr.so.2.2.0
7f53ee50b000-7f53ee70a000 ---p 0000a000 08:05 141575                     /usr/lib/x86_64-linux-gnu/libXrandr.so.2.2.0
7f53ee70a000-7f53ee70b000 r--p 00009000 08:05 141575                     /usr/lib/x86_64-linux-gnu/libXrandr.so.2.2.0
7f53ee70b000-7f53ee70c000 rw-p 0000a000 08:05 141575                     /usr/lib/x86_64-linux-gnu/libXrandr.so.2.2.0
7f53ee70c000-7f53ee71b000 r-xp 00000000 08:05 141565                     /usr/lib/x86_64-linux-gnu/libXi.so.6.1.0
7f53ee71b000-7f53ee91a000 ---p 0000f000 08:05 141565                     /usr/lib/x86_64-linux-gnu/libXi.so.6.1.0
7f53ee91a000-7f53ee91b000 r--p 0000e000 08:05 141565                     /usr/lib/x86_64-linux-gnu/libXi.so.6.1.0
7f53ee91b000-7f53ee91c000 rw-p 0000f000 08:05 141565                     /usr/lib/x86_64-linux-gnu/libXi.so.6.1.0
7f53ee91c000-7f53ee91e000 r-xp 00000000 08:05 141567                     /usr/lib/x86_64-linux-gnu/libXinerama.so.1.0.0
7f53ee91e000-7f53eeb1d000 ---p 00002000 08:05 141567                     /usr/lib/x86_64-linux-gnu/libXinerama.so.1.0.0
7f53eeb1d000-7f53eeb1e000 r--p 00001000 08:05 141567                     /usr/lib/x86_64-linux-gnu/libXinerama.so.1.0.0
7f53eeb1e000-7f53eeb1f000 rw-p 00002000 08:05 141567                     /usr/lib/x86_64-linux-gnu/libXinerama.so.1.0.0
7f53eeb1f000-7f53eeb28000 r-xp 00000000 08:05 141577                     /usr/lib/x86_64-linux-gnu/libXrender.so.1.3.0
7f53eeb28000-7f53eed27000 ---p 00009000 08:05 141577                     /usr/lib/x86_64-linux-gnu/libXrender.so.1.3.0
7f53eed27000-7f53eed28000 r--p 00008000 08:05 141577                     /usr/lib/x86_64-linux-gnu/libXrender.so.1.3.0
7f53eed28000-7f53eed29000 rw-p 00009000 08:05 141577                     /usr/lib/x86_64-linux-gnu/libXrender.so.1.3.0
7f53eed29000-7f53eed2e000 r-xp 00000000 08:05 141559                     /usr/lib/x86_64-linux-gnu/libXfixes.so.3.1.0
7f53eed2e000-7f53eef2d000 ---p 00005000 08:05 141559                     /usr/lib/x86_64-linux-gnu/libXfixes.so.3.1.0
7f53eef2d000-7f53eef2e000 r--p 00004000 08:05 141559                     /usr/lib/x86_64-linux-gnu/libXfixes.so.3.1.0
7f53eef2e000-7f53eef2f000 rw-p 00005000 08:05 141559                     /usr/lib/x86_64-linux-gnu/libXfixes.so.3.1.0
7f53eef2f000-7f53eef9f000 r-xp 00000000 08:05 394030                     /usr/lib/x86_64-linux-gnu/mesa/libGL.so.1.2.0
7f53eef9f000-7f53ef19e000 ---p 00070000 08:05 394030                     /usr/lib/x86_64-linux-gnu/mesa/libGL.so.1.2.0
7f53ef19e000-7f53ef1a1000 r--p 0006f000 08:05 394030                     /usr/lib/x86_64-linux-gnu/mesa/libGL.so.1.2.0
7f53ef1a1000-7f53ef1a2000 rw-p 00072000 08:05 394030                     /usr/lib/x86_64-linux-gnu/mesa/libGL.so.1.2.0
7f53ef1a2000-7f53ef1a3000 rw-p 00000000 00:00 0 
7f53ef1a3000-7f53ef1a8000 r-xp 00000000 08:05 141593                     /usr/lib/x86_64-linux-gnu/libXxf86vm.so.1.0.0
7f53ef1a8000-7f53ef3a7000 ---p 00005000 08:05 141593                     /usr/lib/x86_64-linux-gnu/libXxf86vm.so.1.0.0
7f53ef3a7000-7f53ef3a8000 r--p 00004000 08:05 141593                     /usr/lib/x86_64-linux-gnu/libXxf86vm.so.1.0.0
7f53ef3a8000-7f53ef3a9000 rw-p 00005000 08:05 141593                     /usr/lib/x86_64-linux-gnu/libXxf86vm.so.1.0.0
7f53ef3a9000-7f53ef4de000 r-xp 00000000 08:05 135810                     /usr/lib/x86_64-linux-gnu/libX11.so.6.3.0
7f53ef4de000-7f53ef6de000 ---p 00135000 08:05 135810                     /usr/lib/x86_64-linux-gnu/libX11.so.6.3.0
7f53ef6de000-7f53ef6df000 r--p 00135000 08:05 135810                     /usr/lib/x86_64-linux-gnu/libX11.so.6.3.0
7f53ef6df000-7f53ef6e3000 rw-p 00136000 08:05 135810                     /usr/lib/x86_64-linux-gnu/libX11.so.6.3.0
7f53ef6e3000-7f53ef6e8000 r-xp 00000000 08:05 141583                     /usr/lib/x86_64-linux-gnu/libXtst.so.6.1.0
7f53ef6e8000-7f53ef8e7000 ---p 00005000 08:05 141583                     /usr/lib/x86_64-linux-gnu/libXtst.so.6.1.0
7f53ef8e7000-7f53ef8e8000 r--p 00004000 08:05 141583                     /usr/lib/x86_64-linux-gnu/libXtst.so.6.1.0
7f53ef8e8000-7f53ef8e9000 rw-p 00005000 08:05 141583                     /usr/lib/x86_64-linux-gnu/libXtst.so.6.1.0
7f53ef8e9000-7f53ef9f8000 r-xp 00000000 08:05 924891                     /lib/x86_64-linux-gnu/libglib-2.0.so.0.4800.2
7f53ef9f8000-7f53efbf7000 ---p 0010f000 08:05 924891                     /lib/x86_64-linux-gnu/libglib-2.0.so.0.4800.2
7f53efbf7000-7f53efbf8000 r--p 0010e000 08:05 924891                     /lib/x86_64-linux-gnu/libglib-2.0.so.0.4800.2
7f53efbf8000-7f53efbf9000 rw-p 0010f000 08:05 924891                     /lib/x86_64-linux-gnu/libglib-2.0.so.0.4800.2
7f53efbf9000-7f53efbfa000 rw-p 00000000 00:00 0 
7f53efbfa000-7f53efbfb000 r-xp 00000000 08:05 131344                     /usr/lib/x86_64-linux-gnu/libgthread-2.0.so.0.4800.2
7f53efbfb000-7f53efdfa000 ---p 00001000 08:05 131344                     /usr/lib/x86_64-linux-gnu/libgthread-2.0.so.0.4800.2
7f53efdfa000-7f53efdfb000 r--p 00000000 08:05 131344                     /usr/lib/x86_64-linux-gnu/libgthread-2.0.so.0.4800.2
7f53efdfb000-7f53efdfc000 rw-p 00001000 08:05 131344                     /usr/lib/x86_64-linux-gnu/libgthread-2.0.so.0.4800.2
7f53efdfc000-7f53efdff000 r-xp 00000000 08:05 131285                     /usr/lib/x86_64-linux-gnu/libgmodule-2.0.so.0.4800.2
7f53efdff000-7f53efffe000 ---p 00003000 08:05 131285                     /usr/lib/x86_64-linux-gnu/libgmodule-2.0.so.0.4800.2
7f53efffe000-7f53effff000 r--p 00002000 08:05 131285                     /usr/lib/x86_64-linux-gnu/libgmodule-2.0.so.0.4800.2
7f53effff000-7f53f0000000 rw-p 00003000 08:05 131285                     /usr/lib/x86_64-linux-gnu/libgmodule-2.0.so.0.4800.2
7f53f0000000-7f53f0021000 rw-p 00000000 00:00 0 
7f53f0021000-7f53f4000000 ---p 00000000 00:00 0 
7f53f4000000-7f53f6148000 rw-p 00000000 00:00 0 
7f53f6148000-7f53f8000000 ---p 00000000 00:00 0 
7f53f8000000-7f53f83dc000 rw-p 00000000 00:00 0 
7f53f83dc000-7f53fc000000 ---p 00000000 00:00 0 
7f53fc000000-7f53fc021000 rw-p 00000000 00:00 0 
7f53fc021000-7f5400000000 ---p 00000000 00:00 0 
7f5400000000-7f5400021000 rw-p 00000000 00:00 0 
7f5400021000-7f5404000000 ---p 00000000 00:00 0 
7f5404000000-7f54042cf000 rw-p 00000000 00:00 0 
7f54042cf000-7f5408000000 ---p 00000000 00:00 0 
7f5408000000-7f5408021000 rw-p 00000000 00:00 0 
7f5408021000-7f540c000000 ---p 00000000 00:00 0 
7f540c000000-7f540c021000 rw-p 00000000 00:00 0 
7f540c021000-7f5410000000 ---p 00000000 00:00 0 
7f5410000000-7f5410021000 rw-p 00000000 00:00 0 
7f5410021000-7f5414000000 ---p 00000000 00:00 0 
7f5414000000-7f5414021000 rw-p 00000000 00:00 0 
7f5414021000-7f5418000000 ---p 00000000 00:00 0 
7f5418000000-7f5418021000 rw-p 00000000 00:00 0 
7f5418021000-7f541c000000 ---p 00000000 00:00 0 
7f541c000000-7f541c001000 r--s 00000000 08:05 2359686                    /var/cache/fontconfig/b9d506c9ac06c20b433354fa67a72993-le64.cache-6
7f541c001000-7f541c021000 r--p 00000000 08:05 541781                     /usr/share/locale-langpack/uk/LC_MESSAGES/glib20.mo
7f541c021000-7f541c056000 r--p 00000000 08:05 541720                     /usr/share/locale-langpack/uk/LC_MESSAGES/gtk20-properties.mo
7f541c056000-7f541c086000 r--p 00000000 08:05 541836                     /usr/share/locale-langpack/uk/LC_MESSAGES/libc.mo
7f541c086000-7f541c0d8000 r-xp 00000000 08:05 131286                     /usr/lib/x86_64-linux-gnu/libgobject-2.0.so.0.4800.2
7f541c0d8000-7f541c2d7000 ---p 00052000 08:05 131286                     /usr/lib/x86_64-linux-gnu/libgobject-2.0.so.0.4800.2
7f541c2d7000-7f541c2d8000 r--p 00051000 08:05 131286                     /usr/lib/x86_64-linux-gnu/libgobject-2.0.so.0.4800.2
7f541c2d8000-7f541c2d9000 rw-p 00052000 08:05 131286                     /usr/lib/x86_64-linux-gnu/libgobject-2.0.so.0.4800.2
7f541c2d9000-7f541c316000 r-xp 00000000 08:05 141943                     /usr/lib/x86_64-linux-gnu/libfontconfig.so.1.9.0
7f541c316000-7f541c515000 ---p 0003d000 08:05 141943                     /usr/lib/x86_64-linux-gnu/libfontconfig.so.1.9.0
7f541c515000-7f541c517000 r--p 0003c000 08:05 141943                     /usr/lib/x86_64-linux-gnu/libfontconfig.so.1.9.0
7f541c517000-7f541c51c000 rw-p 0003e000 08:05 141943                     /usr/lib/x86_64-linux-gnu/libfontconfig.so.1.9.0
7f541c51c000-7f541c5c0000 r-xp 00000000 08:05 133134                     /usr/lib/x86_64-linux-gnu/libfreetype.so.6.12.1
7f541c5c0000-7f541c7bf000 ---p 000a4000 08:05 133134                     /usr/lib/x86_64-linux-gnu/libfreetype.so.6.12.1
7f541c7bf000-7f541c7c5000 r--p 000a3000 08:05 133134                     /usr/lib/x86_64-linux-gnu/libfreetype.so.6.12.1
7f541c7c5000-7f541c7c6000 rw-p 000a9000 08:05 133134                     /usr/lib/x86_64-linux-gnu/libfreetype.so.6.12.1
7f541c7c6000-7f541c80f000 r-xp 00000000 08:05 142494                     /usr/lib/x86_64-linux-gnu/libpango-1.0.so.0.3800.1
7f541c80f000-7f541ca0f000 ---p 00049000 08:05 142494                     /usr/lib/x86_64-linux-gnu/libpango-1.0.so.0.3800.1
7f541ca0f000-7f541ca11000 r--p 00049000 08:05 142494                     /usr/lib/x86_64-linux-gnu/libpango-1.0.so.0.3800.1
7f541ca11000-7f541ca12000 rw-p 0004b000 08:05 142494                     /usr/lib/x86_64-linux-gnu/libpango-1.0.so.0.3800.1
7f541ca12000-7f541cb20000 r-xp 00000000 08:05 141705                     /usr/lib/x86_64-linux-gnu/libcairo.so.2.11400.6
7f541cb20000-7f541cd20000 ---p 0010e000 08:05 141705                     /usr/lib/x86_64-linux-gnu/libcairo.so.2.11400.6
7f541cd20000-7f541cd23000 r--p 0010e000 08:05 141705                     /usr/lib/x86_64-linux-gnu/libcairo.so.2.11400.6
7f541cd23000-7f541cd24000 rw-p 00111000 08:05 141705                     /usr/lib/x86_64-linux-gnu/libcairo.so.2.11400.6
7f541cd24000-7f541cd26000 rw-p 00000000 00:00 0 
7f541cd26000-7f541cd32000 r-xp 00000000 08:05 142496                     /usr/lib/x86_64-linux-gnu/libpangocairo-1.0.so.0.3800.1
7f541cd32000-7f541cf31000 ---p 0000c000 08:05 142496                     /usr/lib/x86_64-linux-gnu/libpangocairo-1.0.so.0.3800.1
7f541cf31000-7f541cf32000 r--p 0000b000 08:05 142496                     /usr/lib/x86_64-linux-gnu/libpangocairo-1.0.so.0.3800.1
7f541cf32000-7f541cf33000 rw-p 0000c000 08:05 142496                     /usr/lib/x86_64-linux-gnu/libpangocairo-1.0.so.0.3800.1
7f541cf33000-7f541cf54000 r-xp 00000000 08:05 131517                     /usr/lib/x86_64-linux-gnu/libgdk_pixbuf-2.0.so.0.3200.2
7f541cf54000-7f541d153000 ---p 00021000 08:05 131517                     /usr/lib/x86_64-linux-gnu/libgdk_pixbuf-2.0.so.0.3200.2
7f541d153000-7f541d154000 r--p 00020000 08:05 131517                     /usr/lib/x86_64-linux-gnu/libgdk_pixbuf-2.0.so.0.3200.2
7f541d154000-7f541d155000 rw-p 00021000 08:05 131517                     /usr/lib/x86_64-linux-gnu/libgdk_pixbuf-2.0.so.0.3200.2
7f541d155000-7f541d169000 r-xp 00000000 08:05 142498                     /usr/lib/x86_64-linux-gnu/libpangoft2-1.0.so.0.3800.1
7f541d169000-7f541d369000 ---p 00014000 08:05 142498                     /usr/lib/x86_64-linux-gnu/libpangoft2-1.0.so.0.3800.1
7f541d369000-7f541d36a000 r--p 00014000 08:05 142498                     /usr/lib/x86_64-linux-gnu/libpangoft2-1.0.so.0.3800.1
7f541d36a000-7f541d36b000 rw-p 00015000 08:05 142498                     /usr/lib/x86_64-linux-gnu/libpangoft2-1.0.so.0.3800.1
7f541d36b000-7f541d4eb000 r-xp 00000000 08:05 131338                     /usr/lib/x86_64-linux-gnu/libgio-2.0.so.0.4800.2
7f541d4eb000-7f541d6eb000 ---p 00180000 08:05 131338                     /usr/lib/x86_64-linux-gnu/libgio-2.0.so.0.4800.2
7f541d6eb000-7f541d6ef000 r--p 00180000 08:05 131338                     /usr/lib/x86_64-linux-gnu/libgio-2.0.so.0.4800.2
7f541d6ef000-7f541d6f1000 rw-p 00184000 08:05 131338                     /usr/lib/x86_64-linux-gnu/libgio-2.0.so.0.4800.2
7f541d6f1000-7f541d6f3000 rw-p 00000000 00:00 0 
7f541d6f3000-7f541d715000 r-xp 00000000 08:05 141648                     /usr/lib/x86_64-linux-gnu/libatk-1.0.so.0.21809.1
7f541d715000-7f541d914000 ---p 00022000 08:05 141648                     /usr/lib/x86_64-linux-gnu/libatk-1.0.so.0.21809.1
7f541d914000-7f541d917000 r--p 00021000 08:05 141648                     /usr/lib/x86_64-linux-gnu/libatk-1.0.so.0.21809.1
7f541d917000-7f541d918000 rw-p 00024000 08:05 141648                     /usr/lib/x86_64-linux-gnu/libatk-1.0.so.0.21809.1
7f541d918000-7f541d9c8000 r-xp 00000000 08:05 136538                     /usr/lib/x86_64-linux-gnu/libgdk-x11-2.0.so.0.2400.30
7f541d9c8000-7f541dbc7000 ---p 000b0000 08:05 136538                     /usr/lib/x86_64-linux-gnu/libgdk-x11-2.0.so.0.2400.30
7f541dbc7000-7f541dbcb000 r--p 000af000 08:05 136538                     /usr/lib/x86_64-linux-gnu/libgdk-x11-2.0.so.0.2400.30
7f541dbcb000-7f541dbcd000 rw-p 000b3000 08:05 136538                     /usr/lib/x86_64-linux-gnu/libgdk-x11-2.0.so.0.2400.30
7f541dbcd000-7f541e00b000 r-xp 00000000 08:05 136540                     /usr/lib/x86_64-linux-gnu/libgtk-x11-2.0.so.0.2400.30
7f541e00b000-7f541e20a000 ---p 0043e000 08:05 136540                     /usr/lib/x86_64-linux-gnu/libgtk-x11-2.0.so.0.2400.30
7f541e20a000-7f541e211000 r--p 0043d000 08:05 136540                     /usr/lib/x86_64-linux-gnu/libgtk-x11-2.0.so.0.2400.30
7f541e211000-7f541e215000 rw-p 00444000 08:05 136540                     /usr/lib/x86_64-linux-gnu/libgtk-x11-2.0.so.0.2400.30
7f541e215000-7f541e218000 rw-p 00000000 00:00 0 
7f541e218000-7f541e219000 r--s 00000000 08:05 2359670                    /var/cache/fontconfig/551ecf3b0e8b0bca0f25c0944f561853-le64.cache-6
7f541e219000-7f541e21d000 r--p 00000000 08:05 541713                     /usr/share/locale-langpack/uk/LC_MESSAGES/atk10.mo
7f541e21d000-7f541e22e000 r--p 00000000 08:05 541726                     /usr/share/locale-langpack/uk/LC_MESSAGES/gtk20.mo
7f541e22e000-7f541e233000 rw-s 00000000 00:18 801                        /i915 (deleted)
7f541e233000-7f541e237000 rw-s 00000000 00:18 734                        /i915 (deleted)
7f541e237000-7f541e243000 r-xp 00000000 08:05 1071480                    /usr/lib/jvm/java-8-oracle/jre/lib/amd64/libprism_es2.so
7f541e243000-7f541e442000 ---p 0000c000 08:05 1071480                    /usr/lib/jvm/java-8-oracle/jre/lib/amd64/libprism_es2.so
7f541e442000-7f541e443000 r--p 0000b000 08:05 1071480                    /usr/lib/jvm/java-8-oracle/jre/lib/amd64/libprism_es2.so
7f541e443000-7f541e444000 rw-p 0000c000 08:05 1071480                    /usr/lib/jvm/java-8-oracle/jre/lib/amd64/libprism_es2.so
7f541e444000-7f541e447000 ---p 00000000 00:00 0 
7f541e447000-7f541e545000 rw-p 00000000 00:00 0 
7f541e545000-7f541e5db000 r--s 0110e000 08:05 1071401                    /usr/lib/jvm/java-8-oracle/jre/lib/ext/jfxrt.jar
7f541e5db000-7f541e5dc000 ---p 00000000 00:00 0 
7f541e5dc000-7f541e6dc000 rw-p 00000000 00:00 0 
7f541e6dc000-7f541e6df000 ---p 00000000 00:00 0 
7f541e6df000-7f541e7dd000 rw-p 00000000 00:00 0 
7f541e7dd000-7f541e7e0000 ---p 00000000 00:00 0 
7f541e7e0000-7f541e8de000 rw-p 00000000 00:00 0 
7f541e8de000-7f541e8e1000 ---p 00000000 00:00 0 
7f541e8e1000-7f541e9df000 rw-p 00000000 00:00 0 
7f541e9df000-7f541e9e2000 ---p 00000000 00:00 0 
7f541e9e2000-7f541eae0000 rw-p 00000000 00:00 0 
7f541eae0000-7f541ef2f000 r--p 00000000 08:05 132728                     /usr/lib/locale/locale-archive
7f541ef2f000-7f541ef32000 ---p 00000000 00:00 0 
7f541ef32000-7f541f030000 rw-p 00000000 00:00 0 
7f541f030000-7f541f033000 ---p 00000000 00:00 0 
7f541f033000-7f541f131000 rw-p 00000000 00:00 0 
7f541f131000-7f541f132000 ---p 00000000 00:00 0 
7f541f132000-7f541fbab000 rw-p 00000000 00:00 0 
7f541fbab000-7f541fd85000 r--s 03d6c000 08:05 1071386                    /usr/lib/jvm/java-8-oracle/jre/lib/rt.jar
7f541fd85000-7f54234ff000 rw-p 00000000 00:00 0 
7f54234ff000-7f5423500000 ---p 00000000 00:00 0 
7f5423500000-7f5423600000 rw-p 00000000 00:00 0 
7f5423600000-7f5423601000 ---p 00000000 00:00 0 
7f5423601000-7f542371f000 rw-p 00000000 00:00 0 
7f542371f000-7f54238d9000 ---p 00000000 00:00 0 
7f54238d9000-7f54238f7000 rw-p 00000000 00:00 0 
7f54238f7000-7f5423ab1000 ---p 00000000 00:00 0 
7f5423ab1000-7f5423ac0000 rw-p 00000000 00:00 0 
7f5423ac0000-7f5423b9d000 ---p 00000000 00:00 0 
7f5423b9d000-7f5423bb4000 rw-p 00000000 00:00 0 
7f5423bb4000-7f5423f5e000 ---p 00000000 00:00 0 
7f5423f5e000-7f54244de000 rwxp 00000000 00:00 0 
7f54244de000-7f5432f5e000 ---p 00000000 00:00 0 
7f5432f5e000-7f5432f78000 r-xp 00000000 08:05 1071469                    /usr/lib/jvm/java-8-oracle/jre/lib/amd64/libzip.so
7f5432f78000-7f5433178000 ---p 0001a000 08:05 1071469                    /usr/lib/jvm/java-8-oracle/jre/lib/amd64/libzip.so
7f5433178000-7f5433179000 r--p 0001a000 08:05 1071469                    /usr/lib/jvm/java-8-oracle/jre/lib/amd64/libzip.so
7f5433179000-7f543317a000 rw-p 0001b000 08:05 1071469                    /usr/lib/jvm/java-8-oracle/jre/lib/amd64/libzip.so
7f543317a000-7f5433185000 r-xp 00000000 08:05 927267                     /lib/x86_64-linux-gnu/libnss_files-2.23.so
7f5433185000-7f5433384000 ---p 0000b000 08:05 927267                     /lib/x86_64-linux-gnu/libnss_files-2.23.so
7f5433384000-7f5433385000 r--p 0000a000 08:05 927267                     /lib/x86_64-linux-gnu/libnss_files-2.23.so
7f5433385000-7f5433386000 rw-p 0000b000 08:05 927267                     /lib/x86_64-linux-gnu/libnss_files-2.23.so
7f5433386000-7f543338c000 rw-p 00000000 00:00 0 
7f543338c000-7f5433397000 r-xp 00000000 08:05 927271                     /lib/x86_64-linux-gnu/libnss_nis-2.23.so
7f5433397000-7f5433596000 ---p 0000b000 08:05 927271                     /lib/x86_64-linux-gnu/libnss_nis-2.23.so
7f5433596000-7f5433597000 r--p 0000a000 08:05 927271                     /lib/x86_64-linux-gnu/libnss_nis-2.23.so
7f5433597000-7f5433598000 rw-p 0000b000 08:05 927271                     /lib/x86_64-linux-gnu/libnss_nis-2.23.so
7f5433598000-7f54335ae000 r-xp 00000000 08:05 925273                     /lib/x86_64-linux-gnu/libnsl-2.23.so
7f54335ae000-7f54337ad000 ---p 00016000 08:05 925273                     /lib/x86_64-linux-gnu/libnsl-2.23.so
7f54337ad000-7f54337ae000 r--p 00015000 08:05 925273                     /lib/x86_64-linux-gnu/libnsl-2.23.so
7f54337ae000-7f54337af000 rw-p 00016000 08:05 925273                     /lib/x86_64-linux-gnu/libnsl-2.23.so
7f54337af000-7f54337b1000 rw-p 00000000 00:00 0 
7f54337b1000-7f54337b9000 r-xp 00000000 08:05 927262                     /lib/x86_64-linux-gnu/libnss_compat-2.23.so
7f54337b9000-7f54339b8000 ---p 00008000 08:05 927262                     /lib/x86_64-linux-gnu/libnss_compat-2.23.so
7f54339b8000-7f54339b9000 r--p 00007000 08:05 927262                     /lib/x86_64-linux-gnu/libnss_compat-2.23.so
7f54339b9000-7f54339ba000 rw-p 00008000 08:05 927262                     /lib/x86_64-linux-gnu/libnss_compat-2.23.so
7f54339ba000-7f54339e7000 r-xp 00000000 08:05 1071461                    /usr/lib/jvm/java-8-oracle/jre/lib/amd64/libjava.so
7f54339e7000-7f5433be6000 ---p 0002d000 08:05 1071461                    /usr/lib/jvm/java-8-oracle/jre/lib/amd64/libjava.so
7f5433be6000-7f5433be7000 r--p 0002c000 08:05 1071461                    /usr/lib/jvm/java-8-oracle/jre/lib/amd64/libjava.so
7f5433be7000-7f5433be9000 rw-p 0002d000 08:05 1071461                    /usr/lib/jvm/java-8-oracle/jre/lib/amd64/libjava.so
7f5433be9000-7f5433bf6000 r-xp 00000000 08:05 1071468                    /usr/lib/jvm/java-8-oracle/jre/lib/amd64/libverify.so
7f5433bf6000-7f5433df5000 ---p 0000d000 08:05 1071468                    /usr/lib/jvm/java-8-oracle/jre/lib/amd64/libverify.so
7f5433df5000-7f5433df7000 r--p 0000c000 08:05 1071468                    /usr/lib/jvm/java-8-oracle/jre/lib/amd64/libverify.so
7f5433df7000-7f5433df8000 rw-p 0000e000 08:05 1071468                    /usr/lib/jvm/java-8-oracle/jre/lib/amd64/libverify.so
7f5433df8000-7f5433dff000 r-xp 00000000 08:05 927272                     /lib/x86_64-linux-gnu/librt-2.23.so
7f5433dff000-7f5433ffe000 ---p 00007000 08:05 927272                     /lib/x86_64-linux-gnu/librt-2.23.so
7f5433ffe000-7f5433fff000 r--p 00006000 08:05 927272                     /lib/x86_64-linux-gnu/librt-2.23.so
7f5433fff000-7f5434000000 rw-p 00007000 08:05 927272                     /lib/x86_64-linux-gnu/librt-2.23.so
7f5434000000-7f54343f1000 rw-p 00000000 00:00 0 
7f54343f1000-7f5438000000 ---p 00000000 00:00 0 
7f5438000000-7f5438001000 r--s 00000000 08:05 2359665                    /var/cache/fontconfig/30829fa25452a46451e813d634d7f916-le64.cache-6
7f5438001000-7f5438003000 r--s 0000e000 08:06 660514                     /home/nazar_ch/.m2/repository/javax/activation/activation/1.1/activation-1.1.jar
7f5438003000-7f5438007000 rw-s 00000000 00:18 718                        /i915 (deleted)
7f5438007000-7f543800c000 rw-s 00000000 00:18 715                        /i915 (deleted)
7f543800c000-7f543802d000 rw-p 00000000 00:00 0 
7f543802d000-7f5438135000 r-xp 00000000 08:05 925135                     /lib/x86_64-linux-gnu/libm-2.23.so
7f5438135000-7f5438334000 ---p 00108000 08:05 925135                     /lib/x86_64-linux-gnu/libm-2.23.so
7f5438334000-7f5438335000 r--p 00107000 08:05 925135                     /lib/x86_64-linux-gnu/libm-2.23.so
7f5438335000-7f5438336000 rw-p 00108000 08:05 925135                     /lib/x86_64-linux-gnu/libm-2.23.so
7f5438336000-7f5439018000 r-xp 00000000 08:05 1220361                    /usr/lib/jvm/java-8-oracle/jre/lib/amd64/server/libjvm.so
7f5439018000-7f5439218000 ---p 00ce2000 08:05 1220361                    /usr/lib/jvm/java-8-oracle/jre/lib/amd64/server/libjvm.so
7f5439218000-7f54392ae000 r--p 00ce2000 08:05 1220361                    /usr/lib/jvm/java-8-oracle/jre/lib/amd64/server/libjvm.so
7f54392ae000-7f54392df000 rw-p 00d78000 08:05 1220361                    /usr/lib/jvm/java-8-oracle/jre/lib/amd64/server/libjvm.so
7f54392df000-7f543931a000 rw-p 00000000 00:00 0 
7f543931a000-7f54394da000 r-xp 00000000 08:05 925376                     /lib/x86_64-linux-gnu/libc-2.23.so
7f54394da000-7f54396da000 ---p 001c0000 08:05 925376                     /lib/x86_64-linux-gnu/libc-2.23.so
7f54396da000-7f54396de000 r--p 001c0000 08:05 925376                     /lib/x86_64-linux-gnu/libc-2.23.so
7f54396de000-7f54396e0000 rw-p 001c4000 08:05 925376                     /lib/x86_64-linux-gnu/libc-2.23.so
7f54396e0000-7f54396e4000 rw-p 00000000 00:00 0 
7f54396e4000-7f54396e7000 r-xp 00000000 08:05 927256                     /lib/x86_64-linux-gnu/libdl-2.23.so
7f54396e7000-7f54398e6000 ---p 00003000 08:05 927256                     /lib/x86_64-linux-gnu/libdl-2.23.so
7f54398e6000-7f54398e7000 r--p 00002000 08:05 927256                     /lib/x86_64-linux-gnu/libdl-2.23.so
7f54398e7000-7f54398e8000 rw-p 00003000 08:05 927256                     /lib/x86_64-linux-gnu/libdl-2.23.so
7f54398e8000-7f54398ff000 r-xp 00000000 08:05 1215654                    /usr/lib/jvm/java-8-oracle/lib/amd64/jli/libjli.so
7f54398ff000-7f5439afe000 ---p 00017000 08:05 1215654                    /usr/lib/jvm/java-8-oracle/lib/amd64/jli/libjli.so
7f5439afe000-7f5439aff000 r--p 00016000 08:05 1215654                    /usr/lib/jvm/java-8-oracle/lib/amd64/jli/libjli.so
7f5439aff000-7f5439b00000 rw-p 00017000 08:05 1215654                    /usr/lib/jvm/java-8-oracle/lib/amd64/jli/libjli.so
7f5439b00000-7f5439b18000 r-xp 00000000 08:05 925275                     /lib/x86_64-linux-gnu/libpthread-2.23.so
7f5439b18000-7f5439d17000 ---p 00018000 08:05 925275                     /lib/x86_64-linux-gnu/libpthread-2.23.so
7f5439d17000-7f5439d18000 r--p 00017000 08:05 925275                     /lib/x86_64-linux-gnu/libpthread-2.23.so
7f5439d18000-7f5439d19000 rw-p 00018000 08:05 925275                     /lib/x86_64-linux-gnu/libpthread-2.23.so
7f5439d19000-7f5439d1d000 rw-p 00000000 00:00 0 
7f5439d1d000-7f5439d43000 r-xp 00000000 08:05 925274                     /lib/x86_64-linux-gnu/ld-2.23.so
7f5439d43000-7f5439d44000 r--s 00000000 08:05 2359659                    /var/cache/fontconfig/0c9eb80ebd1c36541ebe2852d3bb0c49-le64.cache-6
7f5439d44000-7f5439d4b000 r--s 00000000 08:05 396234                     /usr/lib/x86_64-linux-gnu/gconv/gconv-modules.cache
7f5439d4b000-7f5439d50000 r--s 00084000 08:05 1071339                    /usr/lib/jvm/java-8-oracle/jre/lib/jfr.jar
7f5439d50000-7f5439d55000 r--s 002f9000 08:05 1071384                    /usr/lib/jvm/java-8-oracle/jre/lib/charsets.jar
7f5439d55000-7f5439d58000 r--s 0001a000 08:05 1071496                    /usr/lib/jvm/java-8-oracle/jre/lib/jce.jar
7f5439d58000-7f5439d5d000 r--s 000a0000 08:05 1071396                    /usr/lib/jvm/java-8-oracle/jre/lib/jsse.jar
7f5439d5d000-7f5439e1d000 rw-p 00000000 00:00 0 
7f5439e1d000-7f5439e20000 ---p 00000000 00:00 0 
7f5439e20000-7f5439f23000 rw-p 00000000 00:00 0 
7f5439f24000-7f5439f25000 r--s 00000000 00:2f 42                         /run/user/1000/dconf/user
7f5439f25000-7f5439f38000 r--s 00345000 08:05 1071395                    /usr/lib/jvm/java-8-oracle/jre/lib/resources.jar
7f5439f38000-7f5439f40000 rw-s 00000000 08:05 533356                     /tmp/hsperfdata_nazar_ch/15327
7f5439f40000-7f5439f41000 rw-p 00000000 00:00 0 
7f5439f41000-7f5439f42000 r--p 00000000 00:00 0 
7f5439f42000-7f5439f43000 r--p 00025000 08:05 925274                     /lib/x86_64-linux-gnu/ld-2.23.so
7f5439f43000-7f5439f44000 rw-p 00026000 08:05 925274                     /lib/x86_64-linux-gnu/ld-2.23.so
7f5439f44000-7f5439f45000 rw-p 00000000 00:00 0 
7ffec76f9000-7ffec771a000 rw-p 00000000 00:00 0                          [stack]
7ffec774a000-7ffec774d000 r--p 00000000 00:00 0                          [vvar]
7ffec774d000-7ffec774f000 r-xp 00000000 00:00 0                          [vdso]
ffffffffff600000-ffffffffff601000 r-xp 00000000 00:00 0                  [vsyscall]

VM Arguments:
jvm_args: -Dfile.encoding=UTF-8 
java_command: com.main.Model.Main
java_class_path (initial): /usr/lib/jvm/java-8-oracle/jre/lib/resources.jar:/usr/lib/jvm/java-8-oracle/jre/lib/rt.jar:/usr/lib/jvm/java-8-oracle/jre/lib/jsse.jar:/usr/lib/jvm/java-8-oracle/jre/lib/jce.jar:/usr/lib/jvm/java-8-oracle/jre/lib/charsets.jar:/usr/lib/jvm/java-8-oracle/jre/lib/jfr.jar:/usr/lib/jvm/java-8-oracle/jre/lib/ext/sunjce_provider.jar:/usr/lib/jvm/java-8-oracle/jre/lib/ext/sunpkcs11.jar:/usr/lib/jvm/java-8-oracle/jre/lib/ext/nashorn.jar:/usr/lib/jvm/java-8-oracle/jre/lib/ext/jfxrt.jar:/usr/lib/jvm/java-8-oracle/jre/lib/ext/zipfs.jar:/usr/lib/jvm/java-8-oracle/jre/lib/ext/cldrdata.jar:/usr/lib/jvm/java-8-oracle/jre/lib/ext/dnsns.jar:/usr/lib/jvm/java-8-oracle/jre/lib/ext/sunec.jar:/usr/lib/jvm/java-8-oracle/jre/lib/ext/localedata.jar:/usr/lib/jvm/java-8-oracle/jre/lib/ext/jaccess.jar:/home/nazar_ch/eclipse-workspace/medical/medicalCardsArtifactID/target/classes:/home/nazar_ch/.m2/repository/mysql/mysql-connector-java/5.1.38/mysql-connector-java-5.1.38.jar:/home/nazar_ch/.m2/repository/joda-time/joda-time/2.9.9/joda-time-2.9.9.jar:/home/nazar_ch/.m2/repository/com/sun/mail/javax.mail/1.6.0/javax.mail-1.6.0.jar:/home/nazar_ch/.m2/repository/javax/activation/activation/1.1/activation-1.1.jar
Launcher Type: SUN_STANDARD

Environment Variables:
JAVA_HOME=/usr/lib/jvm/java-8-oracle
CLASSPATH=/opt/tomcat/lib/servlet-api.jar:/opt/tomcat/lib/jsp-api.jar
PATH=/home/nazar_ch/bin:/home/nazar_ch/.local/bin:/usr/local/sbin:/usr/local/bin:/usr/sbin:/usr/bin:/sbin:/bin:/usr/games:/usr/local/games:/snap/bin:/usr/lib/jvm/java-8-oracle/bin:/usr/lib/jvm/java-8-oracle/db/bin:/usr/lib/jvm/java-8-oracle/jre/bin
SHELL=/bin/bash
DISPLAY=:0

Signal Handlers:
SIGSEGV: [libjvm.so+0xaced60], sa_mask[0]=11111111011111111101111111111110, sa_flags=SA_RESTART|SA_SIGINFO
SIGBUS: [libjvm.so+0xaced60], sa_mask[0]=11111111011111111101111111111110, sa_flags=SA_RESTART|SA_SIGINFO
SIGFPE: [libjvm.so+0x907ca0], sa_mask[0]=11111111011111111101111111111110, sa_flags=SA_RESTART|SA_SIGINFO
SIGPIPE: SIG_IGN, sa_mask[0]=00000000000010000000000000000000, sa_flags=SA_RESTART
SIGXFSZ: [libjvm.so+0x907ca0], sa_mask[0]=11111111011111111101111111111110, sa_flags=SA_RESTART|SA_SIGINFO
SIGILL: [libjvm.so+0x907ca0], sa_mask[0]=11111111011111111101111111111110, sa_flags=SA_RESTART|SA_SIGINFO
SIGUSR1: SIG_DFL, sa_mask[0]=00000000000000000000000000000000, sa_flags=none
SIGUSR2: [libjvm.so+0x907b70], sa_mask[0]=00100000000000000000000000000000, sa_flags=SA_RESTART|SA_SIGINFO
SIGHUP: [libjvm.so+0x908190], sa_mask[0]=11111111011111111101111111111110, sa_flags=SA_RESTART|SA_SIGINFO
SIGINT: [libjvm.so+0x908190], sa_mask[0]=11111111011111111101111111111110, sa_flags=SA_RESTART|SA_SIGINFO
SIGTERM: [libjvm.so+0x908190], sa_mask[0]=11111111011111111101111111111110, sa_flags=SA_RESTART|SA_SIGINFO
SIGQUIT: [libjvm.so+0x908190], sa_mask[0]=11111111011111111101111111111110, sa_flags=SA_RESTART|SA_SIGINFO


---------------  S Y S T E M  ---------------

OS:DISTRIB_ID=Ubuntu
DISTRIB_RELEASE=16.04
DISTRIB_CODENAME=xenial
DISTRIB_DESCRIPTION="Ubuntu 16.04.5 LTS"

uname:Linux 4.15.0-39-generic #42~16.04.1-Ubuntu SMP Wed Oct 24 17:09:54 UTC 2018 x86_64
libc:glibc 2.23 NPTL 2.23 
rlimit: STACK 8192k, CORE 0k, NPROC 22414, NOFILE 1048576, AS infinity
load average:2,77 2,64 2,71

/proc/meminfo:
MemTotal:        5797624 kB
MemFree:         1483932 kB
MemAvailable:    2391368 kB
Buffers:          352204 kB
Cached:          1061584 kB
SwapCached:           68 kB
Active:          3032492 kB
Inactive:         908700 kB
Active(anon):    2461412 kB
Inactive(anon):   489608 kB
Active(file):     571080 kB
Inactive(file):   419092 kB
Unevictable:         300 kB
Mlocked:             300 kB
SwapTotal:       7166972 kB
SwapFree:        7160876 kB
Dirty:               268 kB
Writeback:             0 kB
AnonPages:       2527764 kB
Mapped:           426808 kB
Shmem:            423468 kB
Slab:             256392 kB
SReclaimable:     212356 kB
SUnreclaim:        44036 kB
KernelStack:       11872 kB
PageTables:        48688 kB
NFS_Unstable:          0 kB
Bounce:                0 kB
WritebackTmp:          0 kB
CommitLimit:    10065784 kB
Committed_AS:    8439764 kB
VmallocTotal:   34359738367 kB
VmallocUsed:           0 kB
VmallocChunk:          0 kB
HardwareCorrupted:     0 kB
AnonHugePages:         0 kB
ShmemHugePages:        0 kB
ShmemPmdMapped:        0 kB
CmaTotal:              0 kB
CmaFree:               0 kB
HugePages_Total:       0
HugePages_Free:        0
HugePages_Rsvd:        0
HugePages_Surp:        0
Hugepagesize:       2048 kB
DirectMap4k:      237496 kB
DirectMap2M:     5746688 kB

container (cgroup) information:
container_type: cgroupv1
cpu_cpuset_cpus: 0-1
cpu_memory_nodes: 0
active_processor_count: 2
cpu_quota: -1
cpu_period: 100000
cpu_shares: -1
memory_limit_in_bytes: -1
memory_and_swap_limit_in_bytes: -2
memory_soft_limit_in_bytes: -1
memory_usage_in_bytes: 4036268032
memory_max_usage_in_bytes: 0


CPU:total 2 (initial active 2) (2 cores per cpu, 1 threads per core) family 6 model 42 stepping 7, cmov, cx8, fxsr, mmx, sse, sse2, sse3, ssse3, sse4.1, sse4.2, popcnt, clmul, tsc, tscinvbit

/proc/cpuinfo:
processor	: 0
vendor_id	: GenuineIntel
cpu family	: 6
model		: 42
model name	: Intel(R) Celeron(R) CPU 847 @ 1.10GHz
stepping	: 7
microcode	: 0x2e
cpu MHz		: 1050.586
cache size	: 2048 KB
physical id	: 0
siblings	: 2
core id		: 0
cpu cores	: 2
apicid		: 0
initial apicid	: 0
fpu		: yes
fpu_exception	: yes
cpuid level	: 13
wp		: yes
flags		: fpu vme de pse tsc msr pae mce cx8 apic sep mtrr pge mca cmov pat pse36 clflush dts acpi mmx fxsr sse sse2 ss ht tm pbe syscall nx rdtscp lm constant_tsc arch_perfmon pebs bts rep_good nopl xtopology nonstop_tsc cpuid aperfmperf pni pclmulqdq dtes64 monitor ds_cpl vmx est tm2 ssse3 cx16 xtpr pdcm pcid sse4_1 sse4_2 x2apic popcnt tsc_deadline_timer xsave lahf_lm epb pti ssbd ibrs ibpb stibp tpr_shadow vnmi flexpriority ept vpid xsaveopt dtherm arat pln pts flush_l1d
bugs		: cpu_meltdown spectre_v1 spectre_v2 spec_store_bypass l1tf
bogomips	: 2195.14
clflush size	: 64
cache_alignment	: 64
address sizes	: 36 bits physical, 48 bits virtual
power management:

processor	: 1
vendor_id	: GenuineIntel
cpu family	: 6
model		: 42
model name	: Intel(R) Celeron(R) CPU 847 @ 1.10GHz
stepping	: 7
microcode	: 0x2e
cpu MHz		: 971.998
cache size	: 2048 KB
physical id	: 0
siblings	: 2
core id		: 1
cpu cores	: 2
apicid		: 2
initial apicid	: 2
fpu		: yes
fpu_exception	: yes
cpuid level	: 13
wp		: yes
flags		: fpu vme de pse tsc msr pae mce cx8 apic sep mtrr pge mca cmov pat pse36 clflush dts acpi mmx fxsr sse sse2 ss ht tm pbe syscall nx rdtscp lm constant_tsc arch_perfmon pebs bts rep_good nopl xtopology nonstop_tsc cpuid aperfmperf pni pclmulqdq dtes64 monitor ds_cpl vmx est tm2 ssse3 cx16 xtpr pdcm pcid sse4_1 sse4_2 x2apic popcnt tsc_deadline_timer xsave lahf_lm epb pti ssbd ibrs ibpb stibp tpr_shadow vnmi flexpriority ept vpid xsaveopt dtherm arat pln pts flush_l1d
bugs		: cpu_meltdown spectre_v1 spectre_v2 spec_store_bypass l1tf
bogomips	: 2195.14
clflush size	: 64
cache_alignment	: 64
address sizes	: 36 bits physical, 48 bits virtual
power management:



Memory: 4k page, physical 5797624k(1483932k free), swap 7166972k(7160876k free)

vm_info: Java HotSpot(TM) 64-Bit Server VM (25.191-b12) for linux-amd64 JRE (1.8.0_191-b12), built on Oct  6 2018 05:43:09 by "java_re" with gcc 7.3.0

time: Wed Dec  5 16:29:55 2018
elapsed time: 14 seconds (0d 0h 0m 14s)

